<?xml version="1.0" encoding="UTF-8"?>
<!-- Generated by org.testng.reporters.JUnitXMLReporter -->
<testsuite ignored="0" hostname="LAPTOP-AKHP4F57" failures="1" tests="1" name="Default test" time="2.64" errors="0" timestamp="2022-06-30T04:45:43 CDT">
  <testcase classname="variousconcepts.learnTestNG" name="loginTest" time="0.008">
    <failure type="java.lang.StackOverflowError">
      <![CDATA[java.lang.StackOverflowError
at variousconcepts.learnTestNG.loginTest(learnTestNG.java:93)
at variousconcepts.learnTestNG.loginTest(learnTestNG.java:93)
at variousconcepts.learnTestNG.loginTest(learnTestNG.java:93)
at variousconcepts.learnTestNG.loginTest(learnTestNG.java:93)
at variousconcepts.learnTestNG.loginTest(learnTestNG.java:93)
at variousconcepts.learnTestNG.loginTest(learnTestNG.java:93)
at variousconcepts.learnTestNG.loginTest(learnTestNG.java:93)
at variousconcepts.learnTestNG.loginTest(learnTestNG.java:93)
at variousconcepts.learnTestNG.loginTest(learnTestNG.java:93)
at variousconcepts.learnTestNG.loginTest(learnTestNG.java:93)
at variousconcepts.learnTestNG.loginTest(learnTestNG.java:93)
at variousconcepts.learnTestNG.loginTest(learnTestNG.java:93)
at variousconcepts.learnTestNG.loginTest(learnTestNG.java:93)
at variousconcepts.learnTestNG.loginTest(learnTestNG.java:93)
at variousconcepts.learnTestNG.loginTest(learnTestNG.java:93)
at variousconcepts.learnTestNG.loginTest(learnTestNG.java:93)
at variousconcepts.learnTestNG.loginTest(learnTestNG.java:93)
at variousconcepts.learnTestNG.loginTest(learnTestNG.java:93)
at variousconcepts.learnTestNG.loginTest(learnTestNG.java:93)
at variousconcepts.learnTestNG.loginTest(learnTestNG.java:93)
at variousconcepts.learnTestNG.loginTest(learnTestNG.java:93)
at variousconcepts.learnTestNG.loginTest(learnTestNG.java:93)
at variousconcepts.learnTestNG.loginTest(learnTestNG.java:93)
at variousconcepts.learnTestNG.loginTest(learnTestNG.java:93)
at variousconcepts.learnTestNG.loginTest(learnTestNG.java:93)
at variousconcepts.learnTestNG.loginTest(learnTestNG.java:93)
at variousconcepts.learnTestNG.loginTest(learnTestNG.java:93)
at variousconcepts.learnTestNG.loginTest(learnTestNG.java:93)
at variousconcepts.learnTestNG.loginTest(learnTestNG.java:93)
at variousconcepts.learnTestNG.loginTest(learnTestNG.java:93)
at variousconcepts.learnTestNG.loginTest(learnTestNG.java:93)
at variousconcepts.learnTestNG.loginTest(learnTestNG.java:93)
at variousconcepts.learnTestNG.loginTest(learnTestNG.java:93)
at variousconcepts.learnTestNG.loginTest(learnTestNG.java:93)
at variousconcepts.learnTestNG.loginTest(learnTestNG.java:93)
at variousconcepts.learnTestNG.loginTest(learnTestNG.java:93)
at variousconcepts.learnTestNG.loginTest(learnTestNG.java:93)
at variousconcepts.learnTestNG.loginTest(learnTestNG.java:93)
at variousconcepts.learnTestNG.loginTest(learnTestNG.java:93)
at variousconcepts.learnTestNG.loginTest(learnTestNG.java:93)
at variousconcepts.learnTestNG.loginTest(learnTestNG.java:93)
at variousconcepts.learnTestNG.loginTest(learnTestNG.java:93)
at variousconcepts.learnTestNG.loginTest(learnTestNG.java:93)
at variousconcepts.learnTestNG.loginTest(learnTestNG.java:93)
at variousconcepts.learnTestNG.loginTest(learnTestNG.java:93)
at variousconcepts.learnTestNG.loginTest(learnTestNG.java:93)
at variousconcepts.learnTestNG.loginTest(learnTestNG.java:93)
at variousconcepts.learnTestNG.loginTest(learnTestNG.java:93)
at variousconcepts.learnTestNG.loginTest(learnTestNG.java:93)
at variousconcepts.learnTestNG.loginTest(learnTestNG.java:93)
at variousconcepts.learnTestNG.loginTest(learnTestNG.java:93)
at variousconcepts.learnTestNG.loginTest(learnTestNG.java:93)
at variousconcepts.learnTestNG.loginTest(learnTestNG.java:93)
at variousconcepts.learnTestNG.loginTest(learnTestNG.java:93)
at variousconcepts.learnTestNG.loginTest(learnTestNG.java:93)
at variousconcepts.learnTestNG.loginTest(learnTestNG.java:93)
at variousconcepts.learnTestNG.loginTest(learnTestNG.java:93)
at variousconcepts.learnTestNG.loginTest(learnTestNG.java:93)
at variousconcepts.learnTestNG.loginTest(learnTestNG.java:93)
at variousconcepts.learnTestNG.loginTest(learnTestNG.java:93)
at variousconcepts.learnTestNG.loginTest(learnTestNG.java:93)
at variousconcepts.learnTestNG.loginTest(learnTestNG.java:93)
at variousconcepts.learnTestNG.loginTest(learnTestNG.java:93)
at variousconcepts.learnTestNG.loginTest(learnTestNG.java:93)
at variousconcepts.learnTestNG.loginTest(learnTestNG.java:93)
at variousconcepts.learnTestNG.loginTest(learnTestNG.java:93)
at variousconcepts.learnTestNG.loginTest(learnTestNG.java:93)
at variousconcepts.learnTestNG.loginTest(learnTestNG.java:93)
at variousconcepts.learnTestNG.loginTest(learnTestNG.java:93)
at variousconcepts.learnTestNG.loginTest(learnTestNG.java:93)
at variousconcepts.learnTestNG.loginTest(learnTestNG.java:93)
at variousconcepts.learnTestNG.loginTest(learnTestNG.java:93)
at variousconcepts.learnTestNG.loginTest(learnTestNG.java:93)
at variousconcepts.learnTestNG.loginTest(learnTestNG.java:93)
at variousconcepts.learnTestNG.loginTest(learnTestNG.java:93)
at variousconcepts.learnTestNG.loginTest(learnTestNG.java:93)
at variousconcepts.learnTestNG.loginTest(learnTestNG.java:93)
at variousconcepts.learnTestNG.loginTest(learnTestNG.java:93)
at variousconcepts.learnTestNG.loginTest(learnTestNG.java:93)
at variousconcepts.learnTestNG.loginTest(learnTestNG.java:93)
at variousconcepts.learnTestNG.loginTest(learnTestNG.java:93)
at variousconcepts.learnTestNG.loginTest(learnTestNG.java:93)
at variousconcepts.learnTestNG.loginTest(learnTestNG.java:93)
at variousconcepts.learnTestNG.loginTest(learnTestNG.java:93)
at variousconcepts.learnTestNG.loginTest(learnTestNG.java:93)
at variousconcepts.learnTestNG.loginTest(learnTestNG.java:93)
at variousconcepts.learnTestNG.loginTest(learnTestNG.java:93)
at variousconcepts.learnTestNG.loginTest(learnTestNG.java:93)
at variousconcepts.learnTestNG.loginTest(learnTestNG.java:93)
at variousconcepts.learnTestNG.loginTest(learnTestNG.java:93)
at variousconcepts.learnTestNG.loginTest(learnTestNG.java:93)
at variousconcepts.learnTestNG.loginTest(learnTestNG.java:93)
at variousconcepts.learnTestNG.loginTest(learnTestNG.java:93)
at variousconcepts.learnTestNG.loginTest(learnTestNG.java:93)
at variousconcepts.learnTestNG.loginTest(learnTestNG.java:93)
at variousconcepts.learnTestNG.loginTest(learnTestNG.java:93)
at variousconcepts.learnTestNG.loginTest(learnTestNG.java:93)
at variousconcepts.learnTestNG.loginTest(learnTestNG.java:93)
at variousconcepts.learnTestNG.loginTest(learnTestNG.java:93)
at variousconcepts.learnTestNG.loginTest(learnTestNG.java:93)
at variousconcepts.learnTestNG.loginTest(learnTestNG.java:93)
at variousconcepts.learnTestNG.loginTest(learnTestNG.java:93)
at variousconcepts.learnTestNG.loginTest(learnTestNG.java:93)
at variousconcepts.learnTestNG.loginTest(learnTestNG.java:93)
at variousconcepts.learnTestNG.loginTest(learnTestNG.java:93)
at variousconcepts.learnTestNG.loginTest(learnTestNG.java:93)
at variousconcepts.learnTestNG.loginTest(learnTestNG.java:93)
at variousconcepts.learnTestNG.loginTest(learnTestNG.java:93)
at variousconcepts.learnTestNG.loginTest(learnTestNG.java:93)
at variousconcepts.learnTestNG.loginTest(learnTestNG.java:93)
at variousconcepts.learnTestNG.loginTest(learnTestNG.java:93)
at variousconcepts.learnTestNG.loginTest(learnTestNG.java:93)
at variousconcepts.learnTestNG.loginTest(learnTestNG.java:93)
at variousconcepts.learnTestNG.loginTest(learnTestNG.java:93)
at variousconcepts.learnTestNG.loginTest(learnTestNG.java:93)
at variousconcepts.learnTestNG.loginTest(learnTestNG.java:93)
at variousconcepts.learnTestNG.loginTest(learnTestNG.java:93)
at variousconcepts.learnTestNG.loginTest(learnTestNG.java:93)
at variousconcepts.learnTestNG.loginTest(learnTestNG.java:93)
at variousconcepts.learnTestNG.loginTest(learnTestNG.java:93)
at variousconcepts.learnTestNG.loginTest(learnTestNG.java:93)
at variousconcepts.learnTestNG.loginTest(learnTestNG.java:93)
at variousconcepts.learnTestNG.loginTest(learnTestNG.java:93)
at variousconcepts.learnTestNG.loginTest(learnTestNG.java:93)
at variousconcepts.learnTestNG.loginTest(learnTestNG.java:93)
at variousconcepts.learnTestNG.loginTest(learnTestNG.java:93)
at variousconcepts.learnTestNG.loginTest(learnTestNG.java:93)
at variousconcepts.learnTestNG.loginTest(learnTestNG.java:93)
at variousconcepts.learnTestNG.loginTest(learnTestNG.java:93)
at variousconcepts.learnTestNG.loginTest(learnTestNG.java:93)
at variousconcepts.learnTestNG.loginTest(learnTestNG.java:93)
at variousconcepts.learnTestNG.loginTest(learnTestNG.java:93)
at variousconcepts.learnTestNG.loginTest(learnTestNG.java:93)
at variousconcepts.learnTestNG.loginTest(learnTestNG.java:93)
at variousconcepts.learnTestNG.loginTest(learnTestNG.java:93)
at variousconcepts.learnTestNG.loginTest(learnTestNG.java:93)
at variousconcepts.learnTestNG.loginTest(learnTestNG.java:93)
at variousconcepts.learnTestNG.loginTest(learnTestNG.java:93)
at variousconcepts.learnTestNG.loginTest(learnTestNG.java:93)
at variousconcepts.learnTestNG.loginTest(learnTestNG.java:93)
at variousconcepts.learnTestNG.loginTest(learnTestNG.java:93)
at variousconcepts.learnTestNG.loginTest(learnTestNG.java:93)
at variousconcepts.learnTestNG.loginTest(learnTestNG.java:93)
at variousconcepts.learnTestNG.loginTest(learnTestNG.java:93)
at variousconcepts.learnTestNG.loginTest(learnTestNG.java:93)
at variousconcepts.learnTestNG.loginTest(learnTestNG.java:93)
at variousconcepts.learnTestNG.loginTest(learnTestNG.java:93)
at variousconcepts.learnTestNG.loginTest(learnTestNG.java:93)
at variousconcepts.learnTestNG.loginTest(learnTestNG.java:93)
at variousconcepts.learnTestNG.loginTest(learnTestNG.java:93)
at variousconcepts.learnTestNG.loginTest(learnTestNG.java:93)
at variousconcepts.learnTestNG.loginTest(learnTestNG.java:93)
at variousconcepts.learnTestNG.loginTest(learnTestNG.java:93)
at variousconcepts.learnTestNG.loginTest(learnTestNG.java:93)
at variousconcepts.learnTestNG.loginTest(learnTestNG.java:93)
at variousconcepts.learnTestNG.loginTest(learnTestNG.java:93)
at variousconcepts.learnTestNG.loginTest(learnTestNG.java:93)
at variousconcepts.learnTestNG.loginTest(learnTestNG.java:93)
at variousconcepts.learnTestNG.loginTest(learnTestNG.java:93)
at variousconcepts.learnTestNG.loginTest(learnTestNG.java:93)
at variousconcepts.learnTestNG.loginTest(learnTestNG.java:93)
at variousconcepts.learnTestNG.loginTest(learnTestNG.java:93)
at variousconcepts.learnTestNG.loginTest(learnTestNG.java:93)
at variousconcepts.learnTestNG.loginTest(learnTestNG.java:93)
at variousconcepts.learnTestNG.loginTest(learnTestNG.java:93)
at variousconcepts.learnTestNG.loginTest(learnTestNG.java:93)
at variousconcepts.learnTestNG.loginTest(learnTestNG.java:93)
at variousconcepts.learnTestNG.loginTest(learnTestNG.java:93)
at variousconcepts.learnTestNG.loginTest(learnTestNG.java:93)
at variousconcepts.learnTestNG.loginTest(learnTestNG.java:93)
at variousconcepts.learnTestNG.loginTest(learnTestNG.java:93)
at variousconcepts.learnTestNG.loginTest(learnTestNG.java:93)
at variousconcepts.learnTestNG.loginTest(learnTestNG.java:93)
at variousconcepts.learnTestNG.loginTest(learnTestNG.java:93)
at variousconcepts.learnTestNG.loginTest(learnTestNG.java:93)
at variousconcepts.learnTestNG.loginTest(learnTestNG.java:93)
at variousconcepts.learnTestNG.loginTest(learnTestNG.java:93)
at variousconcepts.learnTestNG.loginTest(learnTestNG.java:93)
at variousconcepts.learnTestNG.loginTest(learnTestNG.java:93)
at variousconcepts.learnTestNG.loginTest(learnTestNG.java:93)
at variousconcepts.learnTestNG.loginTest(learnTestNG.java:93)
at variousconcepts.learnTestNG.loginTest(learnTestNG.java:93)
at variousconcepts.learnTestNG.loginTest(learnTestNG.java:93)
at variousconcepts.learnTestNG.loginTest(learnTestNG.java:93)
at variousconcepts.learnTestNG.loginTest(learnTestNG.java:93)
at variousconcepts.learnTestNG.loginTest(learnTestNG.java:93)
at variousconcepts.learnTestNG.loginTest(learnTestNG.java:93)
at variousconcepts.learnTestNG.loginTest(learnTestNG.java:93)
at variousconcepts.learnTestNG.loginTest(learnTestNG.java:93)
at variousconcepts.learnTestNG.loginTest(learnTestNG.java:93)
at variousconcepts.learnTestNG.loginTest(learnTestNG.java:93)
at variousconcepts.learnTestNG.loginTest(learnTestNG.java:93)
at variousconcepts.learnTestNG.loginTest(learnTestNG.java:93)
at variousconcepts.learnTestNG.loginTest(learnTestNG.java:93)
at variousconcepts.learnTestNG.loginTest(learnTestNG.java:93)
at variousconcepts.learnTestNG.loginTest(learnTestNG.java:93)
at variousconcepts.learnTestNG.loginTest(learnTestNG.java:93)
at variousconcepts.learnTestNG.loginTest(learnTestNG.java:93)
at variousconcepts.learnTestNG.loginTest(learnTestNG.java:93)
at variousconcepts.learnTestNG.loginTest(learnTestNG.java:93)
at variousconcepts.learnTestNG.loginTest(learnTestNG.java:93)
at variousconcepts.learnTestNG.loginTest(learnTestNG.java:93)
at variousconcepts.learnTestNG.loginTest(learnTestNG.java:93)
at variousconcepts.learnTestNG.loginTest(learnTestNG.java:93)
at variousconcepts.learnTestNG.loginTest(learnTestNG.java:93)
at variousconcepts.learnTestNG.loginTest(learnTestNG.java:93)
at variousconcepts.learnTestNG.loginTest(learnTestNG.java:93)
at variousconcepts.learnTestNG.loginTest(learnTestNG.java:93)
at variousconcepts.learnTestNG.loginTest(learnTestNG.java:93)
at variousconcepts.learnTestNG.loginTest(learnTestNG.java:93)
at variousconcepts.learnTestNG.loginTest(learnTestNG.java:93)
at variousconcepts.learnTestNG.loginTest(learnTestNG.java:93)
at variousconcepts.learnTestNG.loginTest(learnTestNG.java:93)
at variousconcepts.learnTestNG.loginTest(learnTestNG.java:93)
at variousconcepts.learnTestNG.loginTest(learnTestNG.java:93)
at variousconcepts.learnTestNG.loginTest(learnTestNG.java:93)
at variousconcepts.learnTestNG.loginTest(learnTestNG.java:93)
at variousconcepts.learnTestNG.loginTest(learnTestNG.java:93)
at variousconcepts.learnTestNG.loginTest(learnTestNG.java:93)
at variousconcepts.learnTestNG.loginTest(learnTestNG.java:93)
at variousconcepts.learnTestNG.loginTest(learnTestNG.java:93)
at variousconcepts.learnTestNG.loginTest(learnTestNG.java:93)
at variousconcepts.learnTestNG.loginTest(learnTestNG.java:93)
at variousconcepts.learnTestNG.loginTest(learnTestNG.java:93)
at variousconcepts.learnTestNG.loginTest(learnTestNG.java:93)
at variousconcepts.learnTestNG.loginTest(learnTestNG.java:93)
at variousconcepts.learnTestNG.loginTest(learnTestNG.java:93)
at variousconcepts.learnTestNG.loginTest(learnTestNG.java:93)
at variousconcepts.learnTestNG.loginTest(learnTestNG.java:93)
at variousconcepts.learnTestNG.loginTest(learnTestNG.java:93)
at variousconcepts.learnTestNG.loginTest(learnTestNG.java:93)
at variousconcepts.learnTestNG.loginTest(learnTestNG.java:93)
at variousconcepts.learnTestNG.loginTest(learnTestNG.java:93)
at variousconcepts.learnTestNG.loginTest(learnTestNG.java:93)
at variousconcepts.learnTestNG.loginTest(learnTestNG.java:93)
at variousconcepts.learnTestNG.loginTest(learnTestNG.java:93)
at variousconcepts.learnTestNG.loginTest(learnTestNG.java:93)
at variousconcepts.learnTestNG.loginTest(learnTestNG.java:93)
at variousconcepts.learnTestNG.loginTest(learnTestNG.java:93)
at variousconcepts.learnTestNG.loginTest(learnTestNG.java:93)
at variousconcepts.learnTestNG.loginTest(learnTestNG.java:93)
at variousconcepts.learnTestNG.loginTest(learnTestNG.java:93)
at variousconcepts.learnTestNG.loginTest(learnTestNG.java:93)
at variousconcepts.learnTestNG.loginTest(learnTestNG.java:93)
at variousconcepts.learnTestNG.loginTest(learnTestNG.java:93)
at variousconcepts.learnTestNG.loginTest(learnTestNG.java:93)
at variousconcepts.learnTestNG.loginTest(learnTestNG.java:93)
at variousconcepts.learnTestNG.loginTest(learnTestNG.java:93)
at variousconcepts.learnTestNG.loginTest(learnTestNG.java:93)
at variousconcepts.learnTestNG.loginTest(learnTestNG.java:93)
at variousconcepts.learnTestNG.loginTest(learnTestNG.java:93)
at variousconcepts.learnTestNG.loginTest(learnTestNG.java:93)
at variousconcepts.learnTestNG.loginTest(learnTestNG.java:93)
at variousconcepts.learnTestNG.loginTest(learnTestNG.java:93)
at variousconcepts.learnTestNG.loginTest(learnTestNG.java:93)
at variousconcepts.learnTestNG.loginTest(learnTestNG.java:93)
at variousconcepts.learnTestNG.loginTest(learnTestNG.java:93)
at variousconcepts.learnTestNG.loginTest(learnTestNG.java:93)
at variousconcepts.learnTestNG.loginTest(learnTestNG.java:93)
at variousconcepts.learnTestNG.loginTest(learnTestNG.java:93)
at variousconcepts.learnTestNG.loginTest(learnTestNG.java:93)
at variousconcepts.learnTestNG.loginTest(learnTestNG.java:93)
at variousconcepts.learnTestNG.loginTest(learnTestNG.java:93)
at variousconcepts.learnTestNG.loginTest(learnTestNG.java:93)
at variousconcepts.learnTestNG.loginTest(learnTestNG.java:93)
at variousconcepts.learnTestNG.loginTest(learnTestNG.java:93)
at variousconcepts.learnTestNG.loginTest(learnTestNG.java:93)
at variousconcepts.learnTestNG.loginTest(learnTestNG.java:93)
at variousconcepts.learnTestNG.loginTest(learnTestNG.java:93)
at variousconcepts.learnTestNG.loginTest(learnTestNG.java:93)
at variousconcepts.learnTestNG.loginTest(learnTestNG.java:93)
at variousconcepts.learnTestNG.loginTest(learnTestNG.java:93)
at variousconcepts.learnTestNG.loginTest(learnTestNG.java:93)
at variousconcepts.learnTestNG.loginTest(learnTestNG.java:93)
at variousconcepts.learnTestNG.loginTest(learnTestNG.java:93)
at variousconcepts.learnTestNG.loginTest(learnTestNG.java:93)
at variousconcepts.learnTestNG.loginTest(learnTestNG.java:93)
at variousconcepts.learnTestNG.loginTest(learnTestNG.java:93)
at variousconcepts.learnTestNG.loginTest(learnTestNG.java:93)
at variousconcepts.learnTestNG.loginTest(learnTestNG.java:93)
at variousconcepts.learnTestNG.loginTest(learnTestNG.java:93)
at variousconcepts.learnTestNG.loginTest(learnTestNG.java:93)
at variousconcepts.learnTestNG.loginTest(learnTestNG.java:93)
at variousconcepts.learnTestNG.loginTest(learnTestNG.java:93)
at variousconcepts.learnTestNG.loginTest(learnTestNG.java:93)
at variousconcepts.learnTestNG.loginTest(learnTestNG.java:93)
at variousconcepts.learnTestNG.loginTest(learnTestNG.java:93)
at variousconcepts.learnTestNG.loginTest(learnTestNG.java:93)
at variousconcepts.learnTestNG.loginTest(learnTestNG.java:93)
at variousconcepts.learnTestNG.loginTest(learnTestNG.java:93)
at variousconcepts.learnTestNG.loginTest(learnTestNG.java:93)
at variousconcepts.learnTestNG.loginTest(learnTestNG.java:93)
at variousconcepts.learnTestNG.loginTest(learnTestNG.java:93)
at variousconcepts.learnTestNG.loginTest(learnTestNG.java:93)
at variousconcepts.learnTestNG.loginTest(learnTestNG.java:93)
at variousconcepts.learnTestNG.loginTest(learnTestNG.java:93)
at variousconcepts.learnTestNG.loginTest(learnTestNG.java:93)
at variousconcepts.learnTestNG.loginTest(learnTestNG.java:93)
at variousconcepts.learnTestNG.loginTest(learnTestNG.java:93)
at variousconcepts.learnTestNG.loginTest(learnTestNG.java:93)
at variousconcepts.learnTestNG.loginTest(learnTestNG.java:93)
at variousconcepts.learnTestNG.loginTest(learnTestNG.java:93)
at variousconcepts.learnTestNG.loginTest(learnTestNG.java:93)
at variousconcepts.learnTestNG.loginTest(learnTestNG.java:93)
at variousconcepts.learnTestNG.loginTest(learnTestNG.java:93)
at variousconcepts.learnTestNG.loginTest(learnTestNG.java:93)
at variousconcepts.learnTestNG.loginTest(learnTestNG.java:93)
at variousconcepts.learnTestNG.loginTest(learnTestNG.java:93)
at variousconcepts.learnTestNG.loginTest(learnTestNG.java:93)
at variousconcepts.learnTestNG.loginTest(learnTestNG.java:93)
at variousconcepts.learnTestNG.loginTest(learnTestNG.java:93)
at variousconcepts.learnTestNG.loginTest(learnTestNG.java:93)
at variousconcepts.learnTestNG.loginTest(learnTestNG.java:93)
at variousconcepts.learnTestNG.loginTest(learnTestNG.java:93)
at variousconcepts.learnTestNG.loginTest(learnTestNG.java:93)
at variousconcepts.learnTestNG.loginTest(learnTestNG.java:93)
at variousconcepts.learnTestNG.loginTest(learnTestNG.java:93)
at variousconcepts.learnTestNG.loginTest(learnTestNG.java:93)
at variousconcepts.learnTestNG.loginTest(learnTestNG.java:93)
at variousconcepts.learnTestNG.loginTest(learnTestNG.java:93)
at variousconcepts.learnTestNG.loginTest(learnTestNG.java:93)
at variousconcepts.learnTestNG.loginTest(learnTestNG.java:93)
at variousconcepts.learnTestNG.loginTest(learnTestNG.java:93)
at variousconcepts.learnTestNG.loginTest(learnTestNG.java:93)
at variousconcepts.learnTestNG.loginTest(learnTestNG.java:93)
at variousconcepts.learnTestNG.loginTest(learnTestNG.java:93)
at variousconcepts.learnTestNG.loginTest(learnTestNG.java:93)
at variousconcepts.learnTestNG.loginTest(learnTestNG.java:93)
at variousconcepts.learnTestNG.loginTest(learnTestNG.java:93)
at variousconcepts.learnTestNG.loginTest(learnTestNG.java:93)
at variousconcepts.learnTestNG.loginTest(learnTestNG.java:93)
at variousconcepts.learnTestNG.loginTest(learnTestNG.java:93)
at variousconcepts.learnTestNG.loginTest(learnTestNG.java:93)
at variousconcepts.learnTestNG.loginTest(learnTestNG.java:93)
at variousconcepts.learnTestNG.loginTest(learnTestNG.java:93)
at variousconcepts.learnTestNG.loginTest(learnTestNG.java:93)
at variousconcepts.learnTestNG.loginTest(learnTestNG.java:93)
at variousconcepts.learnTestNG.loginTest(learnTestNG.java:93)
at variousconcepts.learnTestNG.loginTest(learnTestNG.java:93)
at variousconcepts.learnTestNG.loginTest(learnTestNG.java:93)
at variousconcepts.learnTestNG.loginTest(learnTestNG.java:93)
at variousconcepts.learnTestNG.loginTest(learnTestNG.java:93)
at variousconcepts.learnTestNG.loginTest(learnTestNG.java:93)
at variousconcepts.learnTestNG.loginTest(learnTestNG.java:93)
at variousconcepts.learnTestNG.loginTest(learnTestNG.java:93)
at variousconcepts.learnTestNG.loginTest(learnTestNG.java:93)
at variousconcepts.learnTestNG.loginTest(learnTestNG.java:93)
at variousconcepts.learnTestNG.loginTest(learnTestNG.java:93)
at variousconcepts.learnTestNG.loginTest(learnTestNG.java:93)
at variousconcepts.learnTestNG.loginTest(learnTestNG.java:93)
at variousconcepts.learnTestNG.loginTest(learnTestNG.java:93)
at variousconcepts.learnTestNG.loginTest(learnTestNG.java:93)
at variousconcepts.learnTestNG.loginTest(learnTestNG.java:93)
at variousconcepts.learnTestNG.loginTest(learnTestNG.java:93)
at variousconcepts.learnTestNG.loginTest(learnTestNG.java:93)
at variousconcepts.learnTestNG.loginTest(learnTestNG.java:93)
at variousconcepts.learnTestNG.loginTest(learnTestNG.java:93)
at variousconcepts.learnTestNG.loginTest(learnTestNG.java:93)
at variousconcepts.learnTestNG.loginTest(learnTestNG.java:93)
at variousconcepts.learnTestNG.loginTest(learnTestNG.java:93)
at variousconcepts.learnTestNG.loginTest(learnTestNG.java:93)
at variousconcepts.learnTestNG.loginTest(learnTestNG.java:93)
at variousconcepts.learnTestNG.loginTest(learnTestNG.java:93)
at variousconcepts.learnTestNG.loginTest(learnTestNG.java:93)
at variousconcepts.learnTestNG.loginTest(learnTestNG.java:93)
at variousconcepts.learnTestNG.loginTest(learnTestNG.java:93)
at variousconcepts.learnTestNG.loginTest(learnTestNG.java:93)
at variousconcepts.learnTestNG.loginTest(learnTestNG.java:93)
at variousconcepts.learnTestNG.loginTest(learnTestNG.java:93)
at variousconcepts.learnTestNG.loginTest(learnTestNG.java:93)
at variousconcepts.learnTestNG.loginTest(learnTestNG.java:93)
at variousconcepts.learnTestNG.loginTest(learnTestNG.java:93)
at variousconcepts.learnTestNG.loginTest(learnTestNG.java:93)
at variousconcepts.learnTestNG.loginTest(learnTestNG.java:93)
at variousconcepts.learnTestNG.loginTest(learnTestNG.java:93)
at variousconcepts.learnTestNG.loginTest(learnTestNG.java:93)
at variousconcepts.learnTestNG.loginTest(learnTestNG.java:93)
at variousconcepts.learnTestNG.loginTest(learnTestNG.java:93)
at variousconcepts.learnTestNG.loginTest(learnTestNG.java:93)
at variousconcepts.learnTestNG.loginTest(learnTestNG.java:93)
at variousconcepts.learnTestNG.loginTest(learnTestNG.java:93)
at variousconcepts.learnTestNG.loginTest(learnTestNG.java:93)
at variousconcepts.learnTestNG.loginTest(learnTestNG.java:93)
at variousconcepts.learnTestNG.loginTest(learnTestNG.java:93)
at variousconcepts.learnTestNG.loginTest(learnTestNG.java:93)
at variousconcepts.learnTestNG.loginTest(learnTestNG.java:93)
at variousconcepts.learnTestNG.loginTest(learnTestNG.java:93)
at variousconcepts.learnTestNG.loginTest(learnTestNG.java:93)
at variousconcepts.learnTestNG.loginTest(learnTestNG.java:93)
at variousconcepts.learnTestNG.loginTest(learnTestNG.java:93)
at variousconcepts.learnTestNG.loginTest(learnTestNG.java:93)
at variousconcepts.learnTestNG.loginTest(learnTestNG.java:93)
at variousconcepts.learnTestNG.loginTest(learnTestNG.java:93)
at variousconcepts.learnTestNG.loginTest(learnTestNG.java:93)
at variousconcepts.learnTestNG.loginTest(learnTestNG.java:93)
at variousconcepts.learnTestNG.loginTest(learnTestNG.java:93)
at variousconcepts.learnTestNG.loginTest(learnTestNG.java:93)
at variousconcepts.learnTestNG.loginTest(learnTestNG.java:93)
at variousconcepts.learnTestNG.loginTest(learnTestNG.java:93)
at variousconcepts.learnTestNG.loginTest(learnTestNG.java:93)
at variousconcepts.learnTestNG.loginTest(learnTestNG.java:93)
at variousconcepts.learnTestNG.loginTest(learnTestNG.java:93)
at variousconcepts.learnTestNG.loginTest(learnTestNG.java:93)
at variousconcepts.learnTestNG.loginTest(learnTestNG.java:93)
at variousconcepts.learnTestNG.loginTest(learnTestNG.java:93)
at variousconcepts.learnTestNG.loginTest(learnTestNG.java:93)
at variousconcepts.learnTestNG.loginTest(learnTestNG.java:93)
at variousconcepts.learnTestNG.loginTest(learnTestNG.java:93)
at variousconcepts.learnTestNG.loginTest(learnTestNG.java:93)
at variousconcepts.learnTestNG.loginTest(learnTestNG.java:93)
at variousconcepts.learnTestNG.loginTest(learnTestNG.java:93)
at variousconcepts.learnTestNG.loginTest(learnTestNG.java:93)
at variousconcepts.learnTestNG.loginTest(learnTestNG.java:93)
at variousconcepts.learnTestNG.loginTest(learnTestNG.java:93)
at variousconcepts.learnTestNG.loginTest(learnTestNG.java:93)
at variousconcepts.learnTestNG.loginTest(learnTestNG.java:93)
at variousconcepts.learnTestNG.loginTest(learnTestNG.java:93)
at variousconcepts.learnTestNG.loginTest(learnTestNG.java:93)
at variousconcepts.learnTestNG.loginTest(learnTestNG.java:93)
at variousconcepts.learnTestNG.loginTest(learnTestNG.java:93)
at variousconcepts.learnTestNG.loginTest(learnTestNG.java:93)
at variousconcepts.learnTestNG.loginTest(learnTestNG.java:93)
at variousconcepts.learnTestNG.loginTest(learnTestNG.java:93)
at variousconcepts.learnTestNG.loginTest(learnTestNG.java:93)
at variousconcepts.learnTestNG.loginTest(learnTestNG.java:93)
at variousconcepts.learnTestNG.loginTest(learnTestNG.java:93)
at variousconcepts.learnTestNG.loginTest(learnTestNG.java:93)
at variousconcepts.learnTestNG.loginTest(learnTestNG.java:93)
at variousconcepts.learnTestNG.loginTest(learnTestNG.java:93)
at variousconcepts.learnTestNG.loginTest(learnTestNG.java:93)
at variousconcepts.learnTestNG.loginTest(learnTestNG.java:93)
at variousconcepts.learnTestNG.loginTest(learnTestNG.java:93)
at variousconcepts.learnTestNG.loginTest(learnTestNG.java:93)
at variousconcepts.learnTestNG.loginTest(learnTestNG.java:93)
at variousconcepts.learnTestNG.loginTest(learnTestNG.java:93)
at variousconcepts.learnTestNG.loginTest(learnTestNG.java:93)
at variousconcepts.learnTestNG.loginTest(learnTestNG.java:93)
at variousconcepts.learnTestNG.loginTest(learnTestNG.java:93)
at variousconcepts.learnTestNG.loginTest(learnTestNG.java:93)
at variousconcepts.learnTestNG.loginTest(learnTestNG.java:93)
at variousconcepts.learnTestNG.loginTest(learnTestNG.java:93)
at variousconcepts.learnTestNG.loginTest(learnTestNG.java:93)
at variousconcepts.learnTestNG.loginTest(learnTestNG.java:93)
at variousconcepts.learnTestNG.loginTest(learnTestNG.java:93)
at variousconcepts.learnTestNG.loginTest(learnTestNG.java:93)
at variousconcepts.learnTestNG.loginTest(learnTestNG.java:93)
at variousconcepts.learnTestNG.loginTest(learnTestNG.java:93)
at variousconcepts.learnTestNG.loginTest(learnTestNG.java:93)
at variousconcepts.learnTestNG.loginTest(learnTestNG.java:93)
at variousconcepts.learnTestNG.loginTest(learnTestNG.java:93)
at variousconcepts.learnTestNG.loginTest(learnTestNG.java:93)
at variousconcepts.learnTestNG.loginTest(learnTestNG.java:93)
at variousconcepts.learnTestNG.loginTest(learnTestNG.java:93)
at variousconcepts.learnTestNG.loginTest(learnTestNG.java:93)
at variousconcepts.learnTestNG.loginTest(learnTestNG.java:93)
at variousconcepts.learnTestNG.loginTest(learnTestNG.java:93)
at variousconcepts.learnTestNG.loginTest(learnTestNG.java:93)
at variousconcepts.learnTestNG.loginTest(learnTestNG.java:93)
at variousconcepts.learnTestNG.loginTest(learnTestNG.java:93)
at variousconcepts.learnTestNG.loginTest(learnTestNG.java:93)
at variousconcepts.learnTestNG.loginTest(learnTestNG.java:93)
at variousconcepts.learnTestNG.loginTest(learnTestNG.java:93)
at variousconcepts.learnTestNG.loginTest(learnTestNG.java:93)
at variousconcepts.learnTestNG.loginTest(learnTestNG.java:93)
at variousconcepts.learnTestNG.loginTest(learnTestNG.java:93)
at variousconcepts.learnTestNG.loginTest(learnTestNG.java:93)
at variousconcepts.learnTestNG.loginTest(learnTestNG.java:93)
at variousconcepts.learnTestNG.loginTest(learnTestNG.java:93)
at variousconcepts.learnTestNG.loginTest(learnTestNG.java:93)
at variousconcepts.learnTestNG.loginTest(learnTestNG.java:93)
at variousconcepts.learnTestNG.loginTest(learnTestNG.java:93)
at variousconcepts.learnTestNG.loginTest(learnTestNG.java:93)
at variousconcepts.learnTestNG.loginTest(learnTestNG.java:93)
at variousconcepts.learnTestNG.loginTest(learnTestNG.java:93)
at variousconcepts.learnTestNG.loginTest(learnTestNG.java:93)
at variousconcepts.learnTestNG.loginTest(learnTestNG.java:93)
at variousconcepts.learnTestNG.loginTest(learnTestNG.java:93)
at variousconcepts.learnTestNG.loginTest(learnTestNG.java:93)
at variousconcepts.learnTestNG.loginTest(learnTestNG.java:93)
at variousconcepts.learnTestNG.loginTest(learnTestNG.java:93)
at variousconcepts.learnTestNG.loginTest(learnTestNG.java:93)
at variousconcepts.learnTestNG.loginTest(learnTestNG.java:93)
at variousconcepts.learnTestNG.loginTest(learnTestNG.java:93)
at variousconcepts.learnTestNG.loginTest(learnTestNG.java:93)
at variousconcepts.learnTestNG.loginTest(learnTestNG.java:93)
at variousconcepts.learnTestNG.loginTest(learnTestNG.java:93)
at variousconcepts.learnTestNG.loginTest(learnTestNG.java:93)
at variousconcepts.learnTestNG.loginTest(learnTestNG.java:93)
at variousconcepts.learnTestNG.loginTest(learnTestNG.java:93)
at variousconcepts.learnTestNG.loginTest(learnTestNG.java:93)
at variousconcepts.learnTestNG.loginTest(learnTestNG.java:93)
at variousconcepts.learnTestNG.loginTest(learnTestNG.java:93)
at variousconcepts.learnTestNG.loginTest(learnTestNG.java:93)
at variousconcepts.learnTestNG.loginTest(learnTestNG.java:93)
at variousconcepts.learnTestNG.loginTest(learnTestNG.java:93)
at variousconcepts.learnTestNG.loginTest(learnTestNG.java:93)
at variousconcepts.learnTestNG.loginTest(learnTestNG.java:93)
at variousconcepts.learnTestNG.loginTest(learnTestNG.java:93)
at variousconcepts.learnTestNG.loginTest(learnTestNG.java:93)
at variousconcepts.learnTestNG.loginTest(learnTestNG.java:93)
at variousconcepts.learnTestNG.loginTest(learnTestNG.java:93)
at variousconcepts.learnTestNG.loginTest(learnTestNG.java:93)
at variousconcepts.learnTestNG.loginTest(learnTestNG.java:93)
at variousconcepts.learnTestNG.loginTest(learnTestNG.java:93)
at variousconcepts.learnTestNG.loginTest(learnTestNG.java:93)
at variousconcepts.learnTestNG.loginTest(learnTestNG.java:93)
at variousconcepts.learnTestNG.loginTest(learnTestNG.java:93)
at variousconcepts.learnTestNG.loginTest(learnTestNG.java:93)
at variousconcepts.learnTestNG.loginTest(learnTestNG.java:93)
at variousconcepts.learnTestNG.loginTest(learnTestNG.java:93)
at variousconcepts.learnTestNG.loginTest(learnTestNG.java:93)
at variousconcepts.learnTestNG.loginTest(learnTestNG.java:93)
at variousconcepts.learnTestNG.loginTest(learnTestNG.java:93)
at variousconcepts.learnTestNG.loginTest(learnTestNG.java:93)
at variousconcepts.learnTestNG.loginTest(learnTestNG.java:93)
at variousconcepts.learnTestNG.loginTest(learnTestNG.java:93)
at variousconcepts.learnTestNG.loginTest(learnTestNG.java:93)
at variousconcepts.learnTestNG.loginTest(learnTestNG.java:93)
at variousconcepts.learnTestNG.loginTest(learnTestNG.java:93)
at variousconcepts.learnTestNG.loginTest(learnTestNG.java:93)
at variousconcepts.learnTestNG.loginTest(learnTestNG.java:93)
at variousconcepts.learnTestNG.loginTest(learnTestNG.java:93)
at variousconcepts.learnTestNG.loginTest(learnTestNG.java:93)
at variousconcepts.learnTestNG.loginTest(learnTestNG.java:93)
at variousconcepts.learnTestNG.loginTest(learnTestNG.java:93)
at variousconcepts.learnTestNG.loginTest(learnTestNG.java:93)
at variousconcepts.learnTestNG.loginTest(learnTestNG.java:93)
at variousconcepts.learnTestNG.loginTest(learnTestNG.java:93)
at variousconcepts.learnTestNG.loginTest(learnTestNG.java:93)
at variousconcepts.learnTestNG.loginTest(learnTestNG.java:93)
at variousconcepts.learnTestNG.loginTest(learnTestNG.java:93)
at variousconcepts.learnTestNG.loginTest(learnTestNG.java:93)
at variousconcepts.learnTestNG.loginTest(learnTestNG.java:93)
at variousconcepts.learnTestNG.loginTest(learnTestNG.java:93)
at variousconcepts.learnTestNG.loginTest(learnTestNG.java:93)
at variousconcepts.learnTestNG.loginTest(learnTestNG.java:93)
at variousconcepts.learnTestNG.loginTest(learnTestNG.java:93)
at variousconcepts.learnTestNG.loginTest(learnTestNG.java:93)
at variousconcepts.learnTestNG.loginTest(learnTestNG.java:93)
at variousconcepts.learnTestNG.loginTest(learnTestNG.java:93)
at variousconcepts.learnTestNG.loginTest(learnTestNG.java:93)
at variousconcepts.learnTestNG.loginTest(learnTestNG.java:93)
at variousconcepts.learnTestNG.loginTest(learnTestNG.java:93)
at variousconcepts.learnTestNG.loginTest(learnTestNG.java:93)
at variousconcepts.learnTestNG.loginTest(learnTestNG.java:93)
at variousconcepts.learnTestNG.loginTest(learnTestNG.java:93)
at variousconcepts.learnTestNG.loginTest(learnTestNG.java:93)
at variousconcepts.learnTestNG.loginTest(learnTestNG.java:93)
at variousconcepts.learnTestNG.loginTest(learnTestNG.java:93)
at variousconcepts.learnTestNG.loginTest(learnTestNG.java:93)
at variousconcepts.learnTestNG.loginTest(learnTestNG.java:93)
at variousconcepts.learnTestNG.loginTest(learnTestNG.java:93)
at variousconcepts.learnTestNG.loginTest(learnTestNG.java:93)
at variousconcepts.learnTestNG.loginTest(learnTestNG.java:93)
at variousconcepts.learnTestNG.loginTest(learnTestNG.java:93)
at variousconcepts.learnTestNG.loginTest(learnTestNG.java:93)
at variousconcepts.learnTestNG.loginTest(learnTestNG.java:93)
at variousconcepts.learnTestNG.loginTest(learnTestNG.java:93)
at variousconcepts.learnTestNG.loginTest(learnTestNG.java:93)
at variousconcepts.learnTestNG.loginTest(learnTestNG.java:93)
at variousconcepts.learnTestNG.loginTest(learnTestNG.java:93)
at variousconcepts.learnTestNG.loginTest(learnTestNG.java:93)
at variousconcepts.learnTestNG.loginTest(learnTestNG.java:93)
at variousconcepts.learnTestNG.loginTest(learnTestNG.java:93)
at variousconcepts.learnTestNG.loginTest(learnTestNG.java:93)
at variousconcepts.learnTestNG.loginTest(learnTestNG.java:93)
at variousconcepts.learnTestNG.loginTest(learnTestNG.java:93)
at variousconcepts.learnTestNG.loginTest(learnTestNG.java:93)
at variousconcepts.learnTestNG.loginTest(learnTestNG.java:93)
at variousconcepts.learnTestNG.loginTest(learnTestNG.java:93)
at variousconcepts.learnTestNG.loginTest(learnTestNG.java:93)
at variousconcepts.learnTestNG.loginTest(learnTestNG.java:93)
at variousconcepts.learnTestNG.loginTest(learnTestNG.java:93)
at variousconcepts.learnTestNG.loginTest(learnTestNG.java:93)
at variousconcepts.learnTestNG.loginTest(learnTestNG.java:93)
at variousconcepts.learnTestNG.loginTest(learnTestNG.java:93)
at variousconcepts.learnTestNG.loginTest(learnTestNG.java:93)
at variousconcepts.learnTestNG.loginTest(learnTestNG.java:93)
at variousconcepts.learnTestNG.loginTest(learnTestNG.java:93)
at variousconcepts.learnTestNG.loginTest(learnTestNG.java:93)
at variousconcepts.learnTestNG.loginTest(learnTestNG.java:93)
at variousconcepts.learnTestNG.loginTest(learnTestNG.java:93)
at variousconcepts.learnTestNG.loginTest(learnTestNG.java:93)
at variousconcepts.learnTestNG.loginTest(learnTestNG.java:93)
at variousconcepts.learnTestNG.loginTest(learnTestNG.java:93)
at variousconcepts.learnTestNG.loginTest(learnTestNG.java:93)
at variousconcepts.learnTestNG.loginTest(learnTestNG.java:93)
at variousconcepts.learnTestNG.loginTest(learnTestNG.java:93)
at variousconcepts.learnTestNG.loginTest(learnTestNG.java:93)
at variousconcepts.learnTestNG.loginTest(learnTestNG.java:93)
at variousconcepts.learnTestNG.loginTest(learnTestNG.java:93)
at variousconcepts.learnTestNG.loginTest(learnTestNG.java:93)
at variousconcepts.learnTestNG.loginTest(learnTestNG.java:93)
at variousconcepts.learnTestNG.loginTest(learnTestNG.java:93)
at variousconcepts.learnTestNG.loginTest(learnTestNG.java:93)
at variousconcepts.learnTestNG.loginTest(learnTestNG.java:93)
at variousconcepts.learnTestNG.loginTest(learnTestNG.java:93)
at variousconcepts.learnTestNG.loginTest(learnTestNG.java:93)
at variousconcepts.learnTestNG.loginTest(learnTestNG.java:93)
at variousconcepts.learnTestNG.loginTest(learnTestNG.java:93)
at variousconcepts.learnTestNG.loginTest(learnTestNG.java:93)
at variousconcepts.learnTestNG.loginTest(learnTestNG.java:93)
at variousconcepts.learnTestNG.loginTest(learnTestNG.java:93)
at variousconcepts.learnTestNG.loginTest(learnTestNG.java:93)
at variousconcepts.learnTestNG.loginTest(learnTestNG.java:93)
at variousconcepts.learnTestNG.loginTest(learnTestNG.java:93)
at variousconcepts.learnTestNG.loginTest(learnTestNG.java:93)
at variousconcepts.learnTestNG.loginTest(learnTestNG.java:93)
at variousconcepts.learnTestNG.loginTest(learnTestNG.java:93)
at variousconcepts.learnTestNG.loginTest(learnTestNG.java:93)
at variousconcepts.learnTestNG.loginTest(learnTestNG.java:93)
at variousconcepts.learnTestNG.loginTest(learnTestNG.java:93)
at variousconcepts.learnTestNG.loginTest(learnTestNG.java:93)
at variousconcepts.learnTestNG.loginTest(learnTestNG.java:93)
at variousconcepts.learnTestNG.loginTest(learnTestNG.java:93)
at variousconcepts.learnTestNG.loginTest(learnTestNG.java:93)
at variousconcepts.learnTestNG.loginTest(learnTestNG.java:93)
at variousconcepts.learnTestNG.loginTest(learnTestNG.java:93)
at variousconcepts.learnTestNG.loginTest(learnTestNG.java:93)
at variousconcepts.learnTestNG.loginTest(learnTestNG.java:93)
at variousconcepts.learnTestNG.loginTest(learnTestNG.java:93)
at variousconcepts.learnTestNG.loginTest(learnTestNG.java:93)
at variousconcepts.learnTestNG.loginTest(learnTestNG.java:93)
at variousconcepts.learnTestNG.loginTest(learnTestNG.java:93)
at variousconcepts.learnTestNG.loginTest(learnTestNG.java:93)
at variousconcepts.learnTestNG.loginTest(learnTestNG.java:93)
at variousconcepts.learnTestNG.loginTest(learnTestNG.java:93)
at variousconcepts.learnTestNG.loginTest(learnTestNG.java:93)
at variousconcepts.learnTestNG.loginTest(learnTestNG.java:93)
at variousconcepts.learnTestNG.loginTest(learnTestNG.java:93)
at variousconcepts.learnTestNG.loginTest(learnTestNG.java:93)
at variousconcepts.learnTestNG.loginTest(learnTestNG.java:93)
at variousconcepts.learnTestNG.loginTest(learnTestNG.java:93)
at variousconcepts.learnTestNG.loginTest(learnTestNG.java:93)
at variousconcepts.learnTestNG.loginTest(learnTestNG.java:93)
at variousconcepts.learnTestNG.loginTest(learnTestNG.java:93)
at variousconcepts.learnTestNG.loginTest(learnTestNG.java:93)
at variousconcepts.learnTestNG.loginTest(learnTestNG.java:93)
at variousconcepts.learnTestNG.loginTest(learnTestNG.java:93)
at variousconcepts.learnTestNG.loginTest(learnTestNG.java:93)
at variousconcepts.learnTestNG.loginTest(learnTestNG.java:93)
at variousconcepts.learnTestNG.loginTest(learnTestNG.java:93)
at variousconcepts.learnTestNG.loginTest(learnTestNG.java:93)
at variousconcepts.learnTestNG.loginTest(learnTestNG.java:93)
at variousconcepts.learnTestNG.loginTest(learnTestNG.java:93)
at variousconcepts.learnTestNG.loginTest(learnTestNG.java:93)
at variousconcepts.learnTestNG.loginTest(learnTestNG.java:93)
at variousconcepts.learnTestNG.loginTest(learnTestNG.java:93)
at variousconcepts.learnTestNG.loginTest(learnTestNG.java:93)
at variousconcepts.learnTestNG.loginTest(learnTestNG.java:93)
at variousconcepts.learnTestNG.loginTest(learnTestNG.java:93)
at variousconcepts.learnTestNG.loginTest(learnTestNG.java:93)
at variousconcepts.learnTestNG.loginTest(learnTestNG.java:93)
at variousconcepts.learnTestNG.loginTest(learnTestNG.java:93)
at variousconcepts.learnTestNG.loginTest(learnTestNG.java:93)
at variousconcepts.learnTestNG.loginTest(learnTestNG.java:93)
at variousconcepts.learnTestNG.loginTest(learnTestNG.java:93)
at variousconcepts.learnTestNG.loginTest(learnTestNG.java:93)
at variousconcepts.learnTestNG.loginTest(learnTestNG.java:93)
at variousconcepts.learnTestNG.loginTest(learnTestNG.java:93)
at variousconcepts.learnTestNG.loginTest(learnTestNG.java:93)
at variousconcepts.learnTestNG.loginTest(learnTestNG.java:93)
at variousconcepts.learnTestNG.loginTest(learnTestNG.java:93)
at variousconcepts.learnTestNG.loginTest(learnTestNG.java:93)
at variousconcepts.learnTestNG.loginTest(learnTestNG.java:93)
at variousconcepts.learnTestNG.loginTest(learnTestNG.java:93)
at variousconcepts.learnTestNG.loginTest(learnTestNG.java:93)
at variousconcepts.learnTestNG.loginTest(learnTestNG.java:93)
at variousconcepts.learnTestNG.loginTest(learnTestNG.java:93)
at variousconcepts.learnTestNG.loginTest(learnTestNG.java:93)
at variousconcepts.learnTestNG.loginTest(learnTestNG.java:93)
at variousconcepts.learnTestNG.loginTest(learnTestNG.java:93)
at variousconcepts.learnTestNG.loginTest(learnTestNG.java:93)
at variousconcepts.learnTestNG.loginTest(learnTestNG.java:93)
at variousconcepts.learnTestNG.loginTest(learnTestNG.java:93)
at variousconcepts.learnTestNG.loginTest(learnTestNG.java:93)
at variousconcepts.learnTestNG.loginTest(learnTestNG.java:93)
at variousconcepts.learnTestNG.loginTest(learnTestNG.java:93)
at variousconcepts.learnTestNG.loginTest(learnTestNG.java:93)
at variousconcepts.learnTestNG.loginTest(learnTestNG.java:93)
at variousconcepts.learnTestNG.loginTest(learnTestNG.java:93)
at variousconcepts.learnTestNG.loginTest(learnTestNG.java:93)
at variousconcepts.learnTestNG.loginTest(learnTestNG.java:93)
at variousconcepts.learnTestNG.loginTest(learnTestNG.java:93)
at variousconcepts.learnTestNG.loginTest(learnTestNG.java:93)
at variousconcepts.learnTestNG.loginTest(learnTestNG.java:93)
at variousconcepts.learnTestNG.loginTest(learnTestNG.java:93)
at variousconcepts.learnTestNG.loginTest(learnTestNG.java:93)
at variousconcepts.learnTestNG.loginTest(learnTestNG.java:93)
at variousconcepts.learnTestNG.loginTest(learnTestNG.java:93)
at variousconcepts.learnTestNG.loginTest(learnTestNG.java:93)
at variousconcepts.learnTestNG.loginTest(learnTestNG.java:93)
at variousconcepts.learnTestNG.loginTest(learnTestNG.java:93)
at variousconcepts.learnTestNG.loginTest(learnTestNG.java:93)
at variousconcepts.learnTestNG.loginTest(learnTestNG.java:93)
at variousconcepts.learnTestNG.loginTest(learnTestNG.java:93)
at variousconcepts.learnTestNG.loginTest(learnTestNG.java:93)
at variousconcepts.learnTestNG.loginTest(learnTestNG.java:93)
at variousconcepts.learnTestNG.loginTest(learnTestNG.java:93)
at variousconcepts.learnTestNG.loginTest(learnTestNG.java:93)
at variousconcepts.learnTestNG.loginTest(learnTestNG.java:93)
at variousconcepts.learnTestNG.loginTest(learnTestNG.java:93)
at variousconcepts.learnTestNG.loginTest(learnTestNG.java:93)
at variousconcepts.learnTestNG.loginTest(learnTestNG.java:93)
at variousconcepts.learnTestNG.loginTest(learnTestNG.java:93)
at variousconcepts.learnTestNG.loginTest(learnTestNG.java:93)
at variousconcepts.learnTestNG.loginTest(learnTestNG.java:93)
at variousconcepts.learnTestNG.loginTest(learnTestNG.java:93)
at variousconcepts.learnTestNG.loginTest(learnTestNG.java:93)
at variousconcepts.learnTestNG.loginTest(learnTestNG.java:93)
at variousconcepts.learnTestNG.loginTest(learnTestNG.java:93)
at variousconcepts.learnTestNG.loginTest(learnTestNG.java:93)
at variousconcepts.learnTestNG.loginTest(learnTestNG.java:93)
at variousconcepts.learnTestNG.loginTest(learnTestNG.java:93)
at variousconcepts.learnTestNG.loginTest(learnTestNG.java:93)
at variousconcepts.learnTestNG.loginTest(learnTestNG.java:93)
at variousconcepts.learnTestNG.loginTest(learnTestNG.java:93)
at variousconcepts.learnTestNG.loginTest(learnTestNG.java:93)
at variousconcepts.learnTestNG.loginTest(learnTestNG.java:93)
at variousconcepts.learnTestNG.loginTest(learnTestNG.java:93)
at variousconcepts.learnTestNG.loginTest(learnTestNG.java:93)
at variousconcepts.learnTestNG.loginTest(learnTestNG.java:93)
at variousconcepts.learnTestNG.loginTest(learnTestNG.java:93)
at variousconcepts.learnTestNG.loginTest(learnTestNG.java:93)
at variousconcepts.learnTestNG.loginTest(learnTestNG.java:93)
at variousconcepts.learnTestNG.loginTest(learnTestNG.java:93)
at variousconcepts.learnTestNG.loginTest(learnTestNG.java:93)
at variousconcepts.learnTestNG.loginTest(learnTestNG.java:93)
at variousconcepts.learnTestNG.loginTest(learnTestNG.java:93)
at variousconcepts.learnTestNG.loginTest(learnTestNG.java:93)
at variousconcepts.learnTestNG.loginTest(learnTestNG.java:93)
at variousconcepts.learnTestNG.loginTest(learnTestNG.java:93)
at variousconcepts.learnTestNG.loginTest(learnTestNG.java:93)
at variousconcepts.learnTestNG.loginTest(learnTestNG.java:93)
at variousconcepts.learnTestNG.loginTest(learnTestNG.java:93)
at variousconcepts.learnTestNG.loginTest(learnTestNG.java:93)
at variousconcepts.learnTestNG.loginTest(learnTestNG.java:93)
at variousconcepts.learnTestNG.loginTest(learnTestNG.java:93)
at variousconcepts.learnTestNG.loginTest(learnTestNG.java:93)
at variousconcepts.learnTestNG.loginTest(learnTestNG.java:93)
at variousconcepts.learnTestNG.loginTest(learnTestNG.java:93)
at variousconcepts.learnTestNG.loginTest(learnTestNG.java:93)
at variousconcepts.learnTestNG.loginTest(learnTestNG.java:93)
at variousconcepts.learnTestNG.loginTest(learnTestNG.java:93)
at variousconcepts.learnTestNG.loginTest(learnTestNG.java:93)
at variousconcepts.learnTestNG.loginTest(learnTestNG.java:93)
at variousconcepts.learnTestNG.loginTest(learnTestNG.java:93)
at variousconcepts.learnTestNG.loginTest(learnTestNG.java:93)
at variousconcepts.learnTestNG.loginTest(learnTestNG.java:93)
at variousconcepts.learnTestNG.loginTest(learnTestNG.java:93)
at variousconcepts.learnTestNG.loginTest(learnTestNG.java:93)
at variousconcepts.learnTestNG.loginTest(learnTestNG.java:93)
at variousconcepts.learnTestNG.loginTest(learnTestNG.java:93)
at variousconcepts.learnTestNG.loginTest(learnTestNG.java:93)
at variousconcepts.learnTestNG.loginTest(learnTestNG.java:93)
at variousconcepts.learnTestNG.loginTest(learnTestNG.java:93)
at variousconcepts.learnTestNG.loginTest(learnTestNG.java:93)
at variousconcepts.learnTestNG.loginTest(learnTestNG.java:93)
at variousconcepts.learnTestNG.loginTest(learnTestNG.java:93)
at variousconcepts.learnTestNG.loginTest(learnTestNG.java:93)
at variousconcepts.learnTestNG.loginTest(learnTestNG.java:93)
at variousconcepts.learnTestNG.loginTest(learnTestNG.java:93)
at variousconcepts.learnTestNG.loginTest(learnTestNG.java:93)
at variousconcepts.learnTestNG.loginTest(learnTestNG.java:93)
at variousconcepts.learnTestNG.loginTest(learnTestNG.java:93)
at variousconcepts.learnTestNG.loginTest(learnTestNG.java:93)
at variousconcepts.learnTestNG.loginTest(learnTestNG.java:93)
at variousconcepts.learnTestNG.loginTest(learnTestNG.java:93)
at variousconcepts.learnTestNG.loginTest(learnTestNG.java:93)
at variousconcepts.learnTestNG.loginTest(learnTestNG.java:93)
at variousconcepts.learnTestNG.loginTest(learnTestNG.java:93)
at variousconcepts.learnTestNG.loginTest(learnTestNG.java:93)
at variousconcepts.learnTestNG.loginTest(learnTestNG.java:93)
at variousconcepts.learnTestNG.loginTest(learnTestNG.java:93)
at variousconcepts.learnTestNG.loginTest(learnTestNG.java:93)
at variousconcepts.learnTestNG.loginTest(learnTestNG.java:93)
at variousconcepts.learnTestNG.loginTest(learnTestNG.java:93)
at variousconcepts.learnTestNG.loginTest(learnTestNG.java:93)
at variousconcepts.learnTestNG.loginTest(learnTestNG.java:93)
at variousconcepts.learnTestNG.loginTest(learnTestNG.java:93)
at variousconcepts.learnTestNG.loginTest(learnTestNG.java:93)
at variousconcepts.learnTestNG.loginTest(learnTestNG.java:93)
at variousconcepts.learnTestNG.loginTest(learnTestNG.java:93)
at variousconcepts.learnTestNG.loginTest(learnTestNG.java:93)
at variousconcepts.learnTestNG.loginTest(learnTestNG.java:93)
at variousconcepts.learnTestNG.loginTest(learnTestNG.java:93)
at variousconcepts.learnTestNG.loginTest(learnTestNG.java:93)
at variousconcepts.learnTestNG.loginTest(learnTestNG.java:93)
at variousconcepts.learnTestNG.loginTest(learnTestNG.java:93)
at variousconcepts.learnTestNG.loginTest(learnTestNG.java:93)
at variousconcepts.learnTestNG.loginTest(learnTestNG.java:93)
at variousconcepts.learnTestNG.loginTest(learnTestNG.java:93)
at variousconcepts.learnTestNG.loginTest(learnTestNG.java:93)
at variousconcepts.learnTestNG.loginTest(learnTestNG.java:93)
at variousconcepts.learnTestNG.loginTest(learnTestNG.java:93)
at variousconcepts.learnTestNG.loginTest(learnTestNG.java:93)
at variousconcepts.learnTestNG.loginTest(learnTestNG.java:93)
at variousconcepts.learnTestNG.loginTest(learnTestNG.java:93)
at variousconcepts.learnTestNG.loginTest(learnTestNG.java:93)
at variousconcepts.learnTestNG.loginTest(learnTestNG.java:93)
at variousconcepts.learnTestNG.loginTest(learnTestNG.java:93)
at variousconcepts.learnTestNG.loginTest(learnTestNG.java:93)
at variousconcepts.learnTestNG.loginTest(learnTestNG.java:93)
at variousconcepts.learnTestNG.loginTest(learnTestNG.java:93)
at variousconcepts.learnTestNG.loginTest(learnTestNG.java:93)
at variousconcepts.learnTestNG.loginTest(learnTestNG.java:93)
at variousconcepts.learnTestNG.loginTest(learnTestNG.java:93)
at variousconcepts.learnTestNG.loginTest(learnTestNG.java:93)
at variousconcepts.learnTestNG.loginTest(learnTestNG.java:93)
at variousconcepts.learnTestNG.loginTest(learnTestNG.java:93)
at variousconcepts.learnTestNG.loginTest(learnTestNG.java:93)
at variousconcepts.learnTestNG.loginTest(learnTestNG.java:93)
at variousconcepts.learnTestNG.loginTest(learnTestNG.java:93)
at variousconcepts.learnTestNG.loginTest(learnTestNG.java:93)
at variousconcepts.learnTestNG.loginTest(learnTestNG.java:93)
at variousconcepts.learnTestNG.loginTest(learnTestNG.java:93)
at variousconcepts.learnTestNG.loginTest(learnTestNG.java:93)
at variousconcepts.learnTestNG.loginTest(learnTestNG.java:93)
at variousconcepts.learnTestNG.loginTest(learnTestNG.java:93)
at variousconcepts.learnTestNG.loginTest(learnTestNG.java:93)
at variousconcepts.learnTestNG.loginTest(learnTestNG.java:93)
at variousconcepts.learnTestNG.loginTest(learnTestNG.java:93)
at variousconcepts.learnTestNG.loginTest(learnTestNG.java:93)
at variousconcepts.learnTestNG.loginTest(learnTestNG.java:93)
at variousconcepts.learnTestNG.loginTest(learnTestNG.java:93)
at variousconcepts.learnTestNG.loginTest(learnTestNG.java:93)
at variousconcepts.learnTestNG.loginTest(learnTestNG.java:93)
at variousconcepts.learnTestNG.loginTest(learnTestNG.java:93)
at variousconcepts.learnTestNG.loginTest(learnTestNG.java:93)
at variousconcepts.learnTestNG.loginTest(learnTestNG.java:93)
at variousconcepts.learnTestNG.loginTest(learnTestNG.java:93)
at variousconcepts.learnTestNG.loginTest(learnTestNG.java:93)
at variousconcepts.learnTestNG.loginTest(learnTestNG.java:93)
at variousconcepts.learnTestNG.loginTest(learnTestNG.java:93)
at variousconcepts.learnTestNG.loginTest(learnTestNG.java:93)
at variousconcepts.learnTestNG.loginTest(learnTestNG.java:93)
at variousconcepts.learnTestNG.loginTest(learnTestNG.java:93)
at variousconcepts.learnTestNG.loginTest(learnTestNG.java:93)
at variousconcepts.learnTestNG.loginTest(learnTestNG.java:93)
at variousconcepts.learnTestNG.loginTest(learnTestNG.java:93)
at variousconcepts.learnTestNG.loginTest(learnTestNG.java:93)
at variousconcepts.learnTestNG.loginTest(learnTestNG.java:93)
at variousconcepts.learnTestNG.loginTest(learnTestNG.java:93)
at variousconcepts.learnTestNG.loginTest(learnTestNG.java:93)
at variousconcepts.learnTestNG.loginTest(learnTestNG.java:93)
at variousconcepts.learnTestNG.loginTest(learnTestNG.java:93)
at variousconcepts.learnTestNG.loginTest(learnTestNG.java:93)
at variousconcepts.learnTestNG.loginTest(learnTestNG.java:93)
at variousconcepts.learnTestNG.loginTest(learnTestNG.java:93)
at variousconcepts.learnTestNG.loginTest(learnTestNG.java:93)
at variousconcepts.learnTestNG.loginTest(learnTestNG.java:93)
at variousconcepts.learnTestNG.loginTest(learnTestNG.java:93)
at variousconcepts.learnTestNG.loginTest(learnTestNG.java:93)
at variousconcepts.learnTestNG.loginTest(learnTestNG.java:93)
at variousconcepts.learnTestNG.loginTest(learnTestNG.java:93)
at variousconcepts.learnTestNG.loginTest(learnTestNG.java:93)
at variousconcepts.learnTestNG.loginTest(learnTestNG.java:93)
at variousconcepts.learnTestNG.loginTest(learnTestNG.java:93)
at variousconcepts.learnTestNG.loginTest(learnTestNG.java:93)
at variousconcepts.learnTestNG.loginTest(learnTestNG.java:93)
at variousconcepts.learnTestNG.loginTest(learnTestNG.java:93)
at variousconcepts.learnTestNG.loginTest(learnTestNG.java:93)
at variousconcepts.learnTestNG.loginTest(learnTestNG.java:93)
at variousconcepts.learnTestNG.loginTest(learnTestNG.java:93)
at variousconcepts.learnTestNG.loginTest(learnTestNG.java:93)
at variousconcepts.learnTestNG.loginTest(learnTestNG.java:93)
at variousconcepts.learnTestNG.loginTest(learnTestNG.java:93)
at variousconcepts.learnTestNG.loginTest(learnTestNG.java:93)
at variousconcepts.learnTestNG.loginTest(learnTestNG.java:93)
at variousconcepts.learnTestNG.loginTest(learnTestNG.java:93)
at variousconcepts.learnTestNG.loginTest(learnTestNG.java:93)
at variousconcepts.learnTestNG.loginTest(learnTestNG.java:93)
at variousconcepts.learnTestNG.loginTest(learnTestNG.java:93)
at variousconcepts.learnTestNG.loginTest(learnTestNG.java:93)
at variousconcepts.learnTestNG.loginTest(learnTestNG.java:93)
at variousconcepts.learnTestNG.loginTest(learnTestNG.java:93)
at variousconcepts.learnTestNG.loginTest(learnTestNG.java:93)
at variousconcepts.learnTestNG.loginTest(learnTestNG.java:93)
at variousconcepts.learnTestNG.loginTest(learnTestNG.java:93)
at variousconcepts.learnTestNG.loginTest(learnTestNG.java:93)
at variousconcepts.learnTestNG.loginTest(learnTestNG.java:93)
at variousconcepts.learnTestNG.loginTest(learnTestNG.java:93)
at variousconcepts.learnTestNG.loginTest(learnTestNG.java:93)
at variousconcepts.learnTestNG.loginTest(learnTestNG.java:93)
at variousconcepts.learnTestNG.loginTest(learnTestNG.java:93)
at variousconcepts.learnTestNG.loginTest(learnTestNG.java:93)
at variousconcepts.learnTestNG.loginTest(learnTestNG.java:93)
at variousconcepts.learnTestNG.loginTest(learnTestNG.java:93)
at variousconcepts.learnTestNG.loginTest(learnTestNG.java:93)
at variousconcepts.learnTestNG.loginTest(learnTestNG.java:93)
at variousconcepts.learnTestNG.loginTest(learnTestNG.java:93)
at variousconcepts.learnTestNG.loginTest(learnTestNG.java:93)
at variousconcepts.learnTestNG.loginTest(learnTestNG.java:93)
at variousconcepts.learnTestNG.loginTest(learnTestNG.java:93)
at variousconcepts.learnTestNG.loginTest(learnTestNG.java:93)
at variousconcepts.learnTestNG.loginTest(learnTestNG.java:93)
at variousconcepts.learnTestNG.loginTest(learnTestNG.java:93)
at variousconcepts.learnTestNG.loginTest(learnTestNG.java:93)
at variousconcepts.learnTestNG.loginTest(learnTestNG.java:93)
at variousconcepts.learnTestNG.loginTest(learnTestNG.java:93)
at variousconcepts.learnTestNG.loginTest(learnTestNG.java:93)
at variousconcepts.learnTestNG.loginTest(learnTestNG.java:93)
at variousconcepts.learnTestNG.loginTest(learnTestNG.java:93)
at variousconcepts.learnTestNG.loginTest(learnTestNG.java:93)
at variousconcepts.learnTestNG.loginTest(learnTestNG.java:93)
at variousconcepts.learnTestNG.loginTest(learnTestNG.java:93)
at variousconcepts.learnTestNG.loginTest(learnTestNG.java:93)
at variousconcepts.learnTestNG.loginTest(learnTestNG.java:93)
at variousconcepts.learnTestNG.loginTest(learnTestNG.java:93)
at variousconcepts.learnTestNG.loginTest(learnTestNG.java:93)
at variousconcepts.learnTestNG.loginTest(learnTestNG.java:93)
at variousconcepts.learnTestNG.loginTest(learnTestNG.java:93)
at variousconcepts.learnTestNG.loginTest(learnTestNG.java:93)
at variousconcepts.learnTestNG.loginTest(learnTestNG.java:93)
at variousconcepts.learnTestNG.loginTest(learnTestNG.java:93)
at variousconcepts.learnTestNG.loginTest(learnTestNG.java:93)
at variousconcepts.learnTestNG.loginTest(learnTestNG.java:93)
at variousconcepts.learnTestNG.loginTest(learnTestNG.java:93)
at variousconcepts.learnTestNG.loginTest(learnTestNG.java:93)
at variousconcepts.learnTestNG.loginTest(learnTestNG.java:93)
at variousconcepts.learnTestNG.loginTest(learnTestNG.java:93)
at variousconcepts.learnTestNG.loginTest(learnTestNG.java:93)
at variousconcepts.learnTestNG.loginTest(learnTestNG.java:93)
at variousconcepts.learnTestNG.loginTest(learnTestNG.java:93)
at variousconcepts.learnTestNG.loginTest(learnTestNG.java:93)
at variousconcepts.learnTestNG.loginTest(learnTestNG.java:93)
at variousconcepts.learnTestNG.loginTest(learnTestNG.java:93)
at variousconcepts.learnTestNG.loginTest(learnTestNG.java:93)
at variousconcepts.learnTestNG.loginTest(learnTestNG.java:93)
at variousconcepts.learnTestNG.loginTest(learnTestNG.java:93)
at variousconcepts.learnTestNG.loginTest(learnTestNG.java:93)
at variousconcepts.learnTestNG.loginTest(learnTestNG.java:93)
at variousconcepts.learnTestNG.loginTest(learnTestNG.java:93)
at variousconcepts.learnTestNG.loginTest(learnTestNG.java:93)
at variousconcepts.learnTestNG.loginTest(learnTestNG.java:93)
at variousconcepts.learnTestNG.loginTest(learnTestNG.java:93)
at variousconcepts.learnTestNG.loginTest(learnTestNG.java:93)
at variousconcepts.learnTestNG.loginTest(learnTestNG.java:93)
at variousconcepts.learnTestNG.loginTest(learnTestNG.java:93)
at variousconcepts.learnTestNG.loginTest(learnTestNG.java:93)
at variousconcepts.learnTestNG.loginTest(learnTestNG.java:93)
at variousconcepts.learnTestNG.loginTest(learnTestNG.java:93)
at variousconcepts.learnTestNG.loginTest(learnTestNG.java:93)
at variousconcepts.learnTestNG.loginTest(learnTestNG.java:93)
at variousconcepts.learnTestNG.loginTest(learnTestNG.java:93)
at variousconcepts.learnTestNG.loginTest(learnTestNG.java:93)
at variousconcepts.learnTestNG.loginTest(learnTestNG.java:93)
at variousconcepts.learnTestNG.loginTest(learnTestNG.java:93)
at variousconcepts.learnTestNG.loginTest(learnTestNG.java:93)
at variousconcepts.learnTestNG.loginTest(learnTestNG.java:93)
at variousconcepts.learnTestNG.loginTest(learnTestNG.java:93)
at variousconcepts.learnTestNG.loginTest(learnTestNG.java:93)
at variousconcepts.learnTestNG.loginTest(learnTestNG.java:93)
at variousconcepts.learnTestNG.loginTest(learnTestNG.java:93)
at variousconcepts.learnTestNG.loginTest(learnTestNG.java:93)
at variousconcepts.learnTestNG.loginTest(learnTestNG.java:93)
at variousconcepts.learnTestNG.loginTest(learnTestNG.java:93)
at variousconcepts.learnTestNG.loginTest(learnTestNG.java:93)
at variousconcepts.learnTestNG.loginTest(learnTestNG.java:93)
at variousconcepts.learnTestNG.loginTest(learnTestNG.java:93)
at variousconcepts.learnTestNG.loginTest(learnTestNG.java:93)
at variousconcepts.learnTestNG.loginTest(learnTestNG.java:93)
at variousconcepts.learnTestNG.loginTest(learnTestNG.java:93)
at variousconcepts.learnTestNG.loginTest(learnTestNG.java:93)
at variousconcepts.learnTestNG.loginTest(learnTestNG.java:93)
at variousconcepts.learnTestNG.loginTest(learnTestNG.java:93)
at variousconcepts.learnTestNG.loginTest(learnTestNG.java:93)
at variousconcepts.learnTestNG.loginTest(learnTestNG.java:93)
at variousconcepts.learnTestNG.loginTest(learnTestNG.java:93)
at variousconcepts.learnTestNG.loginTest(learnTestNG.java:93)
at variousconcepts.learnTestNG.loginTest(learnTestNG.java:93)
at variousconcepts.learnTestNG.loginTest(learnTestNG.java:93)
at variousconcepts.learnTestNG.loginTest(learnTestNG.java:93)
at variousconcepts.learnTestNG.loginTest(learnTestNG.java:93)
at variousconcepts.learnTestNG.loginTest(learnTestNG.java:93)
at variousconcepts.learnTestNG.loginTest(learnTestNG.java:93)
at variousconcepts.learnTestNG.loginTest(learnTestNG.java:93)
at variousconcepts.learnTestNG.loginTest(learnTestNG.java:93)
at variousconcepts.learnTestNG.loginTest(learnTestNG.java:93)
at variousconcepts.learnTestNG.loginTest(learnTestNG.java:93)
at variousconcepts.learnTestNG.loginTest(learnTestNG.java:93)
at variousconcepts.learnTestNG.loginTest(learnTestNG.java:93)
at variousconcepts.learnTestNG.loginTest(learnTestNG.java:93)
at variousconcepts.learnTestNG.loginTest(learnTestNG.java:93)
at variousconcepts.learnTestNG.loginTest(learnTestNG.java:93)
at variousconcepts.learnTestNG.loginTest(learnTestNG.java:93)
at variousconcepts.learnTestNG.loginTest(learnTestNG.java:93)
at variousconcepts.learnTestNG.loginTest(learnTestNG.java:93)
at variousconcepts.learnTestNG.loginTest(learnTestNG.java:93)
at variousconcepts.learnTestNG.loginTest(learnTestNG.java:93)
at variousconcepts.learnTestNG.loginTest(learnTestNG.java:93)
at variousconcepts.learnTestNG.loginTest(learnTestNG.java:93)
at variousconcepts.learnTestNG.loginTest(learnTestNG.java:93)
at variousconcepts.learnTestNG.loginTest(learnTestNG.java:93)
at variousconcepts.learnTestNG.loginTest(learnTestNG.java:93)
at variousconcepts.learnTestNG.loginTest(learnTestNG.java:93)
at variousconcepts.learnTestNG.loginTest(learnTestNG.java:93)
at variousconcepts.learnTestNG.loginTest(learnTestNG.java:93)
at variousconcepts.learnTestNG.loginTest(learnTestNG.java:93)
at variousconcepts.learnTestNG.loginTest(learnTestNG.java:93)
at variousconcepts.learnTestNG.loginTest(learnTestNG.java:93)
at variousconcepts.learnTestNG.loginTest(learnTestNG.java:93)
at variousconcepts.learnTestNG.loginTest(learnTestNG.java:93)
at variousconcepts.learnTestNG.loginTest(learnTestNG.java:93)
at variousconcepts.learnTestNG.loginTest(learnTestNG.java:93)
at variousconcepts.learnTestNG.loginTest(learnTestNG.java:93)
at variousconcepts.learnTestNG.loginTest(learnTestNG.java:93)
at variousconcepts.learnTestNG.loginTest(learnTestNG.java:93)
at variousconcepts.learnTestNG.loginTest(learnTestNG.java:93)
at variousconcepts.learnTestNG.loginTest(learnTestNG.java:93)
at variousconcepts.learnTestNG.loginTest(learnTestNG.java:93)
at variousconcepts.learnTestNG.loginTest(learnTestNG.java:93)
at variousconcepts.learnTestNG.loginTest(learnTestNG.java:93)
at variousconcepts.learnTestNG.loginTest(learnTestNG.java:93)
at variousconcepts.learnTestNG.loginTest(learnTestNG.java:93)
at variousconcepts.learnTestNG.loginTest(learnTestNG.java:93)
at variousconcepts.learnTestNG.loginTest(learnTestNG.java:93)
at variousconcepts.learnTestNG.loginTest(learnTestNG.java:93)
at variousconcepts.learnTestNG.loginTest(learnTestNG.java:93)
at variousconcepts.learnTestNG.loginTest(learnTestNG.java:93)
at variousconcepts.learnTestNG.loginTest(learnTestNG.java:93)
at variousconcepts.learnTestNG.loginTest(learnTestNG.java:93)
at variousconcepts.learnTestNG.loginTest(learnTestNG.java:93)
at variousconcepts.learnTestNG.loginTest(learnTestNG.java:93)
]]>
    </failure>
  </testcase> <!-- loginTest -->
</testsuite> <!-- Default test -->
