<?xml version="1.0" encoding="UTF-8"?>
<testng-results ignored="0" total="1" passed="0" failed="1" skipped="0">
  <reporter-output>
  </reporter-output>
  <suite started-at="2022-06-30T04:45:40 CDT" name="Default suite" finished-at="2022-06-30T04:45:43 CDT" duration-ms="2640">
    <groups>
    </groups>
    <test started-at="2022-06-30T04:45:40 CDT" name="Default test" finished-at="2022-06-30T04:45:43 CDT" duration-ms="2640">
      <class name="variousconcepts.learnTestNG">
        <test-method is-config="true" signature="readConfig()[pri:0, instance:variousconcepts.learnTestNG@3d5c822d]" started-at="2022-06-30T04:45:40 CDT" name="readConfig" finished-at="2022-06-30T04:45:40 CDT" duration-ms="7" status="PASS">
          <reporter-output>
          </reporter-output>
        </test-method> <!-- readConfig -->
        <test-method is-config="true" signature="init()[pri:0, instance:variousconcepts.learnTestNG@3d5c822d]" started-at="2022-06-30T04:45:40 CDT" name="init" finished-at="2022-06-30T04:45:43 CDT" duration-ms="2577" status="PASS">
          <reporter-output>
          </reporter-output>
        </test-method> <!-- init -->
        <test-method signature="loginTest()[pri:0, instance:variousconcepts.learnTestNG@3d5c822d]" started-at="2022-06-30T04:45:43 CDT" name="loginTest" finished-at="2022-06-30T04:45:43 CDT" duration-ms="8" status="FAIL">
          <exception class="java.lang.StackOverflowError">
            <full-stacktrace>
              <![CDATA[java.lang.StackOverflowError
at variousconcepts.learnTestNG.loginTest(learnTestNG.java:93)
at variousconcepts.learnTestNG.loginTest(learnTestNG.java:93)
at variousconcepts.learnTestNG.loginTest(learnTestNG.java:93)
at variousconcepts.learnTestNG.loginTest(learnTestNG.java:93)
at variousconcepts.learnTestNG.loginTest(learnTestNG.java:93)
at variousconcepts.learnTestNG.loginTest(learnTestNG.java:93)
at variousconcepts.learnTestNG.loginTest(learnTestNG.java:93)
at variousconcepts.learnTestNG.loginTest(learnTestNG.java:93)
at variousconcepts.learnTestNG.loginTest(learnTestNG.java:93)
at variousconcepts.learnTestNG.loginTest(learnTestNG.java:93)
at variousconcepts.learnTestNG.loginTest(learnTestNG.java:93)
at variousconcepts.learnTestNG.loginTest(learnTestNG.java:93)
at variousconcepts.learnTestNG.loginTest(learnTestNG.java:93)
at variousconcepts.learnTestNG.loginTest(learnTestNG.java:93)
at variousconcepts.learnTestNG.loginTest(learnTestNG.java:93)
at variousconcepts.learnTestNG.loginTest(learnTestNG.java:93)
at variousconcepts.learnTestNG.loginTest(learnTestNG.java:93)
at variousconcepts.learnTestNG.loginTest(learnTestNG.java:93)
at variousconcepts.learnTestNG.loginTest(learnTestNG.java:93)
at variousconcepts.learnTestNG.loginTest(learnTestNG.java:93)
at variousconcepts.learnTestNG.loginTest(learnTestNG.java:93)
at variousconcepts.learnTestNG.loginTest(learnTestNG.java:93)
at variousconcepts.learnTestNG.loginTest(learnTestNG.java:93)
at variousconcepts.learnTestNG.loginTest(learnTestNG.java:93)
at variousconcepts.learnTestNG.loginTest(learnTestNG.java:93)
at variousconcepts.learnTestNG.loginTest(learnTestNG.java:93)
at variousconcepts.learnTestNG.loginTest(learnTestNG.java:93)
at variousconcepts.learnTestNG.loginTest(learnTestNG.java:93)
at variousconcepts.learnTestNG.loginTest(learnTestNG.java:93)
at variousconcepts.learnTestNG.loginTest(learnTestNG.java:93)
at variousconcepts.learnTestNG.loginTest(learnTestNG.java:93)
at variousconcepts.learnTestNG.loginTest(learnTestNG.java:93)
at variousconcepts.learnTestNG.loginTest(learnTestNG.java:93)
at variousconcepts.learnTestNG.loginTest(learnTestNG.java:93)
at variousconcepts.learnTestNG.loginTest(learnTestNG.java:93)
at variousconcepts.learnTestNG.loginTest(learnTestNG.java:93)
at variousconcepts.learnTestNG.loginTest(learnTestNG.java:93)
at variousconcepts.learnTestNG.loginTest(learnTestNG.java:93)
at variousconcepts.learnTestNG.loginTest(learnTestNG.java:93)
at variousconcepts.learnTestNG.loginTest(learnTestNG.java:93)
at variousconcepts.learnTestNG.loginTest(learnTestNG.java:93)
at variousconcepts.learnTestNG.loginTest(learnTestNG.java:93)
at variousconcepts.learnTestNG.loginTest(learnTestNG.java:93)
at variousconcepts.learnTestNG.loginTest(learnTestNG.java:93)
at variousconcepts.learnTestNG.loginTest(learnTestNG.java:93)
at variousconcepts.learnTestNG.loginTest(learnTestNG.java:93)
at variousconcepts.learnTestNG.loginTest(learnTestNG.java:93)
at variousconcepts.learnTestNG.loginTest(learnTestNG.java:93)
at variousconcepts.learnTestNG.loginTest(learnTestNG.java:93)
at variousconcepts.learnTestNG.loginTest(learnTestNG.java:93)
at variousconcepts.learnTestNG.loginTest(learnTestNG.java:93)
at variousconcepts.learnTestNG.loginTest(learnTestNG.java:93)
at variousconcepts.learnTestNG.loginTest(learnTestNG.java:93)
at variousconcepts.learnTestNG.loginTest(learnTestNG.java:93)
at variousconcepts.learnTestNG.loginTest(learnTestNG.java:93)
at variousconcepts.learnTestNG.loginTest(learnTestNG.java:93)
at variousconcepts.learnTestNG.loginTest(learnTestNG.java:93)
at variousconcepts.learnTestNG.loginTest(learnTestNG.java:93)
at variousconcepts.learnTestNG.loginTest(learnTestNG.java:93)
at variousconcepts.learnTestNG.loginTest(learnTestNG.java:93)
at variousconcepts.learnTestNG.loginTest(learnTestNG.java:93)
at variousconcepts.learnTestNG.loginTest(learnTestNG.java:93)
at variousconcepts.learnTestNG.loginTest(learnTestNG.java:93)
at variousconcepts.learnTestNG.loginTest(learnTestNG.java:93)
at variousconcepts.learnTestNG.loginTest(learnTestNG.java:93)
at variousconcepts.learnTestNG.loginTest(learnTestNG.java:93)
at variousconcepts.learnTestNG.loginTest(learnTestNG.java:93)
at variousconcepts.learnTestNG.loginTest(learnTestNG.java:93)
at variousconcepts.learnTestNG.loginTest(learnTestNG.java:93)
at variousconcepts.learnTestNG.loginTest(learnTestNG.java:93)
at variousconcepts.learnTestNG.loginTest(learnTestNG.java:93)
at variousconcepts.learnTestNG.loginTest(learnTestNG.java:93)
at variousconcepts.learnTestNG.loginTest(learnTestNG.java:93)
at variousconcepts.learnTestNG.loginTest(learnTestNG.java:93)
at variousconcepts.learnTestNG.loginTest(learnTestNG.java:93)
at variousconcepts.learnTestNG.loginTest(learnTestNG.java:93)
at variousconcepts.learnTestNG.loginTest(learnTestNG.java:93)
at variousconcepts.learnTestNG.loginTest(learnTestNG.java:93)
at variousconcepts.learnTestNG.loginTest(learnTestNG.java:93)
at variousconcepts.learnTestNG.loginTest(learnTestNG.java:93)
at variousconcepts.learnTestNG.loginTest(learnTestNG.java:93)
at variousconcepts.learnTestNG.loginTest(learnTestNG.java:93)
at variousconcepts.learnTestNG.loginTest(learnTestNG.java:93)
at variousconcepts.learnTestNG.loginTest(learnTestNG.java:93)
at variousconcepts.learnTestNG.loginTest(learnTestNG.java:93)
at variousconcepts.learnTestNG.loginTest(learnTestNG.java:93)
at variousconcepts.learnTestNG.loginTest(learnTestNG.java:93)
at variousconcepts.learnTestNG.loginTest(learnTestNG.java:93)
at variousconcepts.learnTestNG.loginTest(learnTestNG.java:93)
at variousconcepts.learnTestNG.loginTest(learnTestNG.java:93)
at variousconcepts.learnTestNG.loginTest(learnTestNG.java:93)
at variousconcepts.learnTestNG.loginTest(learnTestNG.java:93)
at variousconcepts.learnTestNG.loginTest(learnTestNG.java:93)
at variousconcepts.learnTestNG.loginTest(learnTestNG.java:93)
at variousconcepts.learnTestNG.loginTest(learnTestNG.java:93)
at variousconcepts.learnTestNG.loginTest(learnTestNG.java:93)
at variousconcepts.learnTestNG.loginTest(learnTestNG.java:93)
at variousconcepts.learnTestNG.loginTest(learnTestNG.java:93)
at variousconcepts.learnTestNG.loginTest(learnTestNG.java:93)
at variousconcepts.learnTestNG.loginTest(learnTestNG.java:93)
at variousconcepts.learnTestNG.loginTest(learnTestNG.java:93)
at variousconcepts.learnTestNG.loginTest(learnTestNG.java:93)
at variousconcepts.learnTestNG.loginTest(learnTestNG.java:93)
at variousconcepts.learnTestNG.loginTest(learnTestNG.java:93)
at variousconcepts.learnTestNG.loginTest(learnTestNG.java:93)
at variousconcepts.learnTestNG.loginTest(learnTestNG.java:93)
at variousconcepts.learnTestNG.loginTest(learnTestNG.java:93)
at variousconcepts.learnTestNG.loginTest(learnTestNG.java:93)
at variousconcepts.learnTestNG.loginTest(learnTestNG.java:93)
at variousconcepts.learnTestNG.loginTest(learnTestNG.java:93)
at variousconcepts.learnTestNG.loginTest(learnTestNG.java:93)
at variousconcepts.learnTestNG.loginTest(learnTestNG.java:93)
at variousconcepts.learnTestNG.loginTest(learnTestNG.java:93)
at variousconcepts.learnTestNG.loginTest(learnTestNG.java:93)
at variousconcepts.learnTestNG.loginTest(learnTestNG.java:93)
at variousconcepts.learnTestNG.loginTest(learnTestNG.java:93)
at variousconcepts.learnTestNG.loginTest(learnTestNG.java:93)
at variousconcepts.learnTestNG.loginTest(learnTestNG.java:93)
at variousconcepts.learnTestNG.loginTest(learnTestNG.java:93)
at variousconcepts.learnTestNG.loginTest(learnTestNG.java:93)
at variousconcepts.learnTestNG.loginTest(learnTestNG.java:93)
at variousconcepts.learnTestNG.loginTest(learnTestNG.java:93)
at variousconcepts.learnTestNG.loginTest(learnTestNG.java:93)
at variousconcepts.learnTestNG.loginTest(learnTestNG.java:93)
at variousconcepts.learnTestNG.loginTest(learnTestNG.java:93)
at variousconcepts.learnTestNG.loginTest(learnTestNG.java:93)
at variousconcepts.learnTestNG.loginTest(learnTestNG.java:93)
at variousconcepts.learnTestNG.loginTest(learnTestNG.java:93)
at variousconcepts.learnTestNG.loginTest(learnTestNG.java:93)
at variousconcepts.learnTestNG.loginTest(learnTestNG.java:93)
at variousconcepts.learnTestNG.loginTest(learnTestNG.java:93)
at variousconcepts.learnTestNG.loginTest(learnTestNG.java:93)
at variousconcepts.learnTestNG.loginTest(learnTestNG.java:93)
at variousconcepts.learnTestNG.loginTest(learnTestNG.java:93)
at variousconcepts.learnTestNG.loginTest(learnTestNG.java:93)
at variousconcepts.learnTestNG.loginTest(learnTestNG.java:93)
at variousconcepts.learnTestNG.loginTest(learnTestNG.java:93)
at variousconcepts.learnTestNG.loginTest(learnTestNG.java:93)
at variousconcepts.learnTestNG.loginTest(learnTestNG.java:93)
at variousconcepts.learnTestNG.loginTest(learnTestNG.java:93)
at variousconcepts.learnTestNG.loginTest(learnTestNG.java:93)
at variousconcepts.learnTestNG.loginTest(learnTestNG.java:93)
at variousconcepts.learnTestNG.loginTest(learnTestNG.java:93)
at variousconcepts.learnTestNG.loginTest(learnTestNG.java:93)
at variousconcepts.learnTestNG.loginTest(learnTestNG.java:93)
at variousconcepts.learnTestNG.loginTest(learnTestNG.java:93)
at variousconcepts.learnTestNG.loginTest(learnTestNG.java:93)
at variousconcepts.learnTestNG.loginTest(learnTestNG.java:93)
at variousconcepts.learnTestNG.loginTest(learnTestNG.java:93)
at variousconcepts.learnTestNG.loginTest(learnTestNG.java:93)
at variousconcepts.learnTestNG.loginTest(learnTestNG.java:93)
at variousconcepts.learnTestNG.loginTest(learnTestNG.java:93)
at variousconcepts.learnTestNG.loginTest(learnTestNG.java:93)
at variousconcepts.learnTestNG.loginTest(learnTestNG.java:93)
at variousconcepts.learnTestNG.loginTest(learnTestNG.java:93)
at variousconcepts.learnTestNG.loginTest(learnTestNG.java:93)
at variousconcepts.learnTestNG.loginTest(learnTestNG.java:93)
at variousconcepts.learnTestNG.loginTest(learnTestNG.java:93)
at variousconcepts.learnTestNG.loginTest(learnTestNG.java:93)
at variousconcepts.learnTestNG.loginTest(learnTestNG.java:93)
at variousconcepts.learnTestNG.loginTest(learnTestNG.java:93)
at variousconcepts.learnTestNG.loginTest(learnTestNG.java:93)
at variousconcepts.learnTestNG.loginTest(learnTestNG.java:93)
at variousconcepts.learnTestNG.loginTest(learnTestNG.java:93)
at variousconcepts.learnTestNG.loginTest(learnTestNG.java:93)
at variousconcepts.learnTestNG.loginTest(learnTestNG.java:93)
at variousconcepts.learnTestNG.loginTest(learnTestNG.java:93)
at variousconcepts.learnTestNG.loginTest(learnTestNG.java:93)
at variousconcepts.learnTestNG.loginTest(learnTestNG.java:93)
at variousconcepts.learnTestNG.loginTest(learnTestNG.java:93)
at variousconcepts.learnTestNG.loginTest(learnTestNG.java:93)
at variousconcepts.learnTestNG.loginTest(learnTestNG.java:93)
at variousconcepts.learnTestNG.loginTest(learnTestNG.java:93)
at variousconcepts.learnTestNG.loginTest(learnTestNG.java:93)
at variousconcepts.learnTestNG.loginTest(learnTestNG.java:93)
at variousconcepts.learnTestNG.loginTest(learnTestNG.java:93)
at variousconcepts.learnTestNG.loginTest(learnTestNG.java:93)
at variousconcepts.learnTestNG.loginTest(learnTestNG.java:93)
at variousconcepts.learnTestNG.loginTest(learnTestNG.java:93)
at variousconcepts.learnTestNG.loginTest(learnTestNG.java:93)
at variousconcepts.learnTestNG.loginTest(learnTestNG.java:93)
at variousconcepts.learnTestNG.loginTest(learnTestNG.java:93)
at variousconcepts.learnTestNG.loginTest(learnTestNG.java:93)
at variousconcepts.learnTestNG.loginTest(learnTestNG.java:93)
at variousconcepts.learnTestNG.loginTest(learnTestNG.java:93)
at variousconcepts.learnTestNG.loginTest(learnTestNG.java:93)
at variousconcepts.learnTestNG.loginTest(learnTestNG.java:93)
at variousconcepts.learnTestNG.loginTest(learnTestNG.java:93)
at variousconcepts.learnTestNG.loginTest(learnTestNG.java:93)
at variousconcepts.learnTestNG.loginTest(learnTestNG.java:93)
at variousconcepts.learnTestNG.loginTest(learnTestNG.java:93)
at variousconcepts.learnTestNG.loginTest(learnTestNG.java:93)
at variousconcepts.learnTestNG.loginTest(learnTestNG.java:93)
at variousconcepts.learnTestNG.loginTest(learnTestNG.java:93)
at variousconcepts.learnTestNG.loginTest(learnTestNG.java:93)
at variousconcepts.learnTestNG.loginTest(learnTestNG.java:93)
at variousconcepts.learnTestNG.loginTest(learnTestNG.java:93)
at variousconcepts.learnTestNG.loginTest(learnTestNG.java:93)
at variousconcepts.learnTestNG.loginTest(learnTestNG.java:93)
at variousconcepts.learnTestNG.loginTest(learnTestNG.java:93)
at variousconcepts.learnTestNG.loginTest(learnTestNG.java:93)
at variousconcepts.learnTestNG.loginTest(learnTestNG.java:93)
at variousconcepts.learnTestNG.loginTest(learnTestNG.java:93)
at variousconcepts.learnTestNG.loginTest(learnTestNG.java:93)
at variousconcepts.learnTestNG.loginTest(learnTestNG.java:93)
at variousconcepts.learnTestNG.loginTest(learnTestNG.java:93)
at variousconcepts.learnTestNG.loginTest(learnTestNG.java:93)
at variousconcepts.learnTestNG.loginTest(learnTestNG.java:93)
at variousconcepts.learnTestNG.loginTest(learnTestNG.java:93)
at variousconcepts.learnTestNG.loginTest(learnTestNG.java:93)
at variousconcepts.learnTestNG.loginTest(learnTestNG.java:93)
at variousconcepts.learnTestNG.loginTest(learnTestNG.java:93)
at variousconcepts.learnTestNG.loginTest(learnTestNG.java:93)
at variousconcepts.learnTestNG.loginTest(learnTestNG.java:93)
at variousconcepts.learnTestNG.loginTest(learnTestNG.java:93)
at variousconcepts.learnTestNG.loginTest(learnTestNG.java:93)
at variousconcepts.learnTestNG.loginTest(learnTestNG.java:93)
at variousconcepts.learnTestNG.loginTest(learnTestNG.java:93)
at variousconcepts.learnTestNG.loginTest(learnTestNG.java:93)
at variousconcepts.learnTestNG.loginTest(learnTestNG.java:93)
at variousconcepts.learnTestNG.loginTest(learnTestNG.java:93)
at variousconcepts.learnTestNG.loginTest(learnTestNG.java:93)
at variousconcepts.learnTestNG.loginTest(learnTestNG.java:93)
at variousconcepts.learnTestNG.loginTest(learnTestNG.java:93)
at variousconcepts.learnTestNG.loginTest(learnTestNG.java:93)
at variousconcepts.learnTestNG.loginTest(learnTestNG.java:93)
at variousconcepts.learnTestNG.loginTest(learnTestNG.java:93)
at variousconcepts.learnTestNG.loginTest(learnTestNG.java:93)
at variousconcepts.learnTestNG.loginTest(learnTestNG.java:93)
at variousconcepts.learnTestNG.loginTest(learnTestNG.java:93)
at variousconcepts.learnTestNG.loginTest(learnTestNG.java:93)
at variousconcepts.learnTestNG.loginTest(learnTestNG.java:93)
at variousconcepts.learnTestNG.loginTest(learnTestNG.java:93)
at variousconcepts.learnTestNG.loginTest(learnTestNG.java:93)
at variousconcepts.learnTestNG.loginTest(learnTestNG.java:93)
at variousconcepts.learnTestNG.loginTest(learnTestNG.java:93)
at variousconcepts.learnTestNG.loginTest(learnTestNG.java:93)
at variousconcepts.learnTestNG.loginTest(learnTestNG.java:93)
at variousconcepts.learnTestNG.loginTest(learnTestNG.java:93)
at variousconcepts.learnTestNG.loginTest(learnTestNG.java:93)
at variousconcepts.learnTestNG.loginTest(learnTestNG.java:93)
at variousconcepts.learnTestNG.loginTest(learnTestNG.java:93)
at variousconcepts.learnTestNG.loginTest(learnTestNG.java:93)
at variousconcepts.learnTestNG.loginTest(learnTestNG.java:93)
at variousconcepts.learnTestNG.loginTest(learnTestNG.java:93)
at variousconcepts.learnTestNG.loginTest(learnTestNG.java:93)
at variousconcepts.learnTestNG.loginTest(learnTestNG.java:93)
at variousconcepts.learnTestNG.loginTest(learnTestNG.java:93)
at variousconcepts.learnTestNG.loginTest(learnTestNG.java:93)
at variousconcepts.learnTestNG.loginTest(learnTestNG.java:93)
at variousconcepts.learnTestNG.loginTest(learnTestNG.java:93)
at variousconcepts.learnTestNG.loginTest(learnTestNG.java:93)
at variousconcepts.learnTestNG.loginTest(learnTestNG.java:93)
at variousconcepts.learnTestNG.loginTest(learnTestNG.java:93)
at variousconcepts.learnTestNG.loginTest(learnTestNG.java:93)
at variousconcepts.learnTestNG.loginTest(learnTestNG.java:93)
at variousconcepts.learnTestNG.loginTest(learnTestNG.java:93)
at variousconcepts.learnTestNG.loginTest(learnTestNG.java:93)
at variousconcepts.learnTestNG.loginTest(learnTestNG.java:93)
at variousconcepts.learnTestNG.loginTest(learnTestNG.java:93)
at variousconcepts.learnTestNG.loginTest(learnTestNG.java:93)
at variousconcepts.learnTestNG.loginTest(learnTestNG.java:93)
at variousconcepts.learnTestNG.loginTest(learnTestNG.java:93)
at variousconcepts.learnTestNG.loginTest(learnTestNG.java:93)
at variousconcepts.learnTestNG.loginTest(learnTestNG.java:93)
at variousconcepts.learnTestNG.loginTest(learnTestNG.java:93)
at variousconcepts.learnTestNG.loginTest(learnTestNG.java:93)
at variousconcepts.learnTestNG.loginTest(learnTestNG.java:93)
at variousconcepts.learnTestNG.loginTest(learnTestNG.java:93)
at variousconcepts.learnTestNG.loginTest(learnTestNG.java:93)
at variousconcepts.learnTestNG.loginTest(learnTestNG.java:93)
at variousconcepts.learnTestNG.loginTest(learnTestNG.java:93)
at variousconcepts.learnTestNG.loginTest(learnTestNG.java:93)
at variousconcepts.learnTestNG.loginTest(learnTestNG.java:93)
at variousconcepts.learnTestNG.loginTest(learnTestNG.java:93)
at variousconcepts.learnTestNG.loginTest(learnTestNG.java:93)
at variousconcepts.learnTestNG.loginTest(learnTestNG.java:93)
at variousconcepts.learnTestNG.loginTest(learnTestNG.java:93)
at variousconcepts.learnTestNG.loginTest(learnTestNG.java:93)
at variousconcepts.learnTestNG.loginTest(learnTestNG.java:93)
at variousconcepts.learnTestNG.loginTest(learnTestNG.java:93)
at variousconcepts.learnTestNG.loginTest(learnTestNG.java:93)
at variousconcepts.learnTestNG.loginTest(learnTestNG.java:93)
at variousconcepts.learnTestNG.loginTest(learnTestNG.java:93)
at variousconcepts.learnTestNG.loginTest(learnTestNG.java:93)
at variousconcepts.learnTestNG.loginTest(learnTestNG.java:93)
at variousconcepts.learnTestNG.loginTest(learnTestNG.java:93)
at variousconcepts.learnTestNG.loginTest(learnTestNG.java:93)
at variousconcepts.learnTestNG.loginTest(learnTestNG.java:93)
at variousconcepts.learnTestNG.loginTest(learnTestNG.java:93)
at variousconcepts.learnTestNG.loginTest(learnTestNG.java:93)
at variousconcepts.learnTestNG.loginTest(learnTestNG.java:93)
at variousconcepts.learnTestNG.loginTest(learnTestNG.java:93)
at variousconcepts.learnTestNG.loginTest(learnTestNG.java:93)
at variousconcepts.learnTestNG.loginTest(learnTestNG.java:93)
at variousconcepts.learnTestNG.loginTest(learnTestNG.java:93)
at variousconcepts.learnTestNG.loginTest(learnTestNG.java:93)
at variousconcepts.learnTestNG.loginTest(learnTestNG.java:93)
at variousconcepts.learnTestNG.loginTest(learnTestNG.java:93)
at variousconcepts.learnTestNG.loginTest(learnTestNG.java:93)
at variousconcepts.learnTestNG.loginTest(learnTestNG.java:93)
at variousconcepts.learnTestNG.loginTest(learnTestNG.java:93)
at variousconcepts.learnTestNG.loginTest(learnTestNG.java:93)
at variousconcepts.learnTestNG.loginTest(learnTestNG.java:93)
at variousconcepts.learnTestNG.loginTest(learnTestNG.java:93)
at variousconcepts.learnTestNG.loginTest(learnTestNG.java:93)
at variousconcepts.learnTestNG.loginTest(learnTestNG.java:93)
at variousconcepts.learnTestNG.loginTest(learnTestNG.java:93)
at variousconcepts.learnTestNG.loginTest(learnTestNG.java:93)
at variousconcepts.learnTestNG.loginTest(learnTestNG.java:93)
at variousconcepts.learnTestNG.loginTest(learnTestNG.java:93)
at variousconcepts.learnTestNG.loginTest(learnTestNG.java:93)
at variousconcepts.learnTestNG.loginTest(learnTestNG.java:93)
at variousconcepts.learnTestNG.loginTest(learnTestNG.java:93)
at variousconcepts.learnTestNG.loginTest(learnTestNG.java:93)
at variousconcepts.learnTestNG.loginTest(learnTestNG.java:93)
at variousconcepts.learnTestNG.loginTest(learnTestNG.java:93)
at variousconcepts.learnTestNG.loginTest(learnTestNG.java:93)
at variousconcepts.learnTestNG.loginTest(learnTestNG.java:93)
at variousconcepts.learnTestNG.loginTest(learnTestNG.java:93)
at variousconcepts.learnTestNG.loginTest(learnTestNG.java:93)
at variousconcepts.learnTestNG.loginTest(learnTestNG.java:93)
at variousconcepts.learnTestNG.loginTest(learnTestNG.java:93)
at variousconcepts.learnTestNG.loginTest(learnTestNG.java:93)
at variousconcepts.learnTestNG.loginTest(learnTestNG.java:93)
at variousconcepts.learnTestNG.loginTest(learnTestNG.java:93)
at variousconcepts.learnTestNG.loginTest(learnTestNG.java:93)
at variousconcepts.learnTestNG.loginTest(learnTestNG.java:93)
at variousconcepts.learnTestNG.loginTest(learnTestNG.java:93)
at variousconcepts.learnTestNG.loginTest(learnTestNG.java:93)
at variousconcepts.learnTestNG.loginTest(learnTestNG.java:93)
at variousconcepts.learnTestNG.loginTest(learnTestNG.java:93)
at variousconcepts.learnTestNG.loginTest(learnTestNG.java:93)
at variousconcepts.learnTestNG.loginTest(learnTestNG.java:93)
at variousconcepts.learnTestNG.loginTest(learnTestNG.java:93)
at variousconcepts.learnTestNG.loginTest(learnTestNG.java:93)
at variousconcepts.learnTestNG.loginTest(learnTestNG.java:93)
at variousconcepts.learnTestNG.loginTest(learnTestNG.java:93)
at variousconcepts.learnTestNG.loginTest(learnTestNG.java:93)
at variousconcepts.learnTestNG.loginTest(learnTestNG.java:93)
at variousconcepts.learnTestNG.loginTest(learnTestNG.java:93)
at variousconcepts.learnTestNG.loginTest(learnTestNG.java:93)
at variousconcepts.learnTestNG.loginTest(learnTestNG.java:93)
at variousconcepts.learnTestNG.loginTest(learnTestNG.java:93)
at variousconcepts.learnTestNG.loginTest(learnTestNG.java:93)
at variousconcepts.learnTestNG.loginTest(learnTestNG.java:93)
at variousconcepts.learnTestNG.loginTest(learnTestNG.java:93)
at variousconcepts.learnTestNG.loginTest(learnTestNG.java:93)
at variousconcepts.learnTestNG.loginTest(learnTestNG.java:93)
at variousconcepts.learnTestNG.loginTest(learnTestNG.java:93)
at variousconcepts.learnTestNG.loginTest(learnTestNG.java:93)
at variousconcepts.learnTestNG.loginTest(learnTestNG.java:93)
at variousconcepts.learnTestNG.loginTest(learnTestNG.java:93)
at variousconcepts.learnTestNG.loginTest(learnTestNG.java:93)
at variousconcepts.learnTestNG.loginTest(learnTestNG.java:93)
at variousconcepts.learnTestNG.loginTest(learnTestNG.java:93)
at variousconcepts.learnTestNG.loginTest(learnTestNG.java:93)
at variousconcepts.learnTestNG.loginTest(learnTestNG.java:93)
at variousconcepts.learnTestNG.loginTest(learnTestNG.java:93)
at variousconcepts.learnTestNG.loginTest(learnTestNG.java:93)
at variousconcepts.learnTestNG.loginTest(learnTestNG.java:93)
at variousconcepts.learnTestNG.loginTest(learnTestNG.java:93)
at variousconcepts.learnTestNG.loginTest(learnTestNG.java:93)
at variousconcepts.learnTestNG.loginTest(learnTestNG.java:93)
at variousconcepts.learnTestNG.loginTest(learnTestNG.java:93)
at variousconcepts.learnTestNG.loginTest(learnTestNG.java:93)
at variousconcepts.learnTestNG.loginTest(learnTestNG.java:93)
at variousconcepts.learnTestNG.loginTest(learnTestNG.java:93)
at variousconcepts.learnTestNG.loginTest(learnTestNG.java:93)
at variousconcepts.learnTestNG.loginTest(learnTestNG.java:93)
at variousconcepts.learnTestNG.loginTest(learnTestNG.java:93)
at variousconcepts.learnTestNG.loginTest(learnTestNG.java:93)
at variousconcepts.learnTestNG.loginTest(learnTestNG.java:93)
at variousconcepts.learnTestNG.loginTest(learnTestNG.java:93)
at variousconcepts.learnTestNG.loginTest(learnTestNG.java:93)
at variousconcepts.learnTestNG.loginTest(learnTestNG.java:93)
at variousconcepts.learnTestNG.loginTest(learnTestNG.java:93)
at variousconcepts.learnTestNG.loginTest(learnTestNG.java:93)
at variousconcepts.learnTestNG.loginTest(learnTestNG.java:93)
at variousconcepts.learnTestNG.loginTest(learnTestNG.java:93)
at variousconcepts.learnTestNG.loginTest(learnTestNG.java:93)
at variousconcepts.learnTestNG.loginTest(learnTestNG.java:93)
at variousconcepts.learnTestNG.loginTest(learnTestNG.java:93)
at variousconcepts.learnTestNG.loginTest(learnTestNG.java:93)
at variousconcepts.learnTestNG.loginTest(learnTestNG.java:93)
at variousconcepts.learnTestNG.loginTest(learnTestNG.java:93)
at variousconcepts.learnTestNG.loginTest(learnTestNG.java:93)
at variousconcepts.learnTestNG.loginTest(learnTestNG.java:93)
at variousconcepts.learnTestNG.loginTest(learnTestNG.java:93)
at variousconcepts.learnTestNG.loginTest(learnTestNG.java:93)
at variousconcepts.learnTestNG.loginTest(learnTestNG.java:93)
at variousconcepts.learnTestNG.loginTest(learnTestNG.java:93)
at variousconcepts.learnTestNG.loginTest(learnTestNG.java:93)
at variousconcepts.learnTestNG.loginTest(learnTestNG.java:93)
at variousconcepts.learnTestNG.loginTest(learnTestNG.java:93)
at variousconcepts.learnTestNG.loginTest(learnTestNG.java:93)
at variousconcepts.learnTestNG.loginTest(learnTestNG.java:93)
at variousconcepts.learnTestNG.loginTest(learnTestNG.java:93)
at variousconcepts.learnTestNG.loginTest(learnTestNG.java:93)
at variousconcepts.learnTestNG.loginTest(learnTestNG.java:93)
at variousconcepts.learnTestNG.loginTest(learnTestNG.java:93)
at variousconcepts.learnTestNG.loginTest(learnTestNG.java:93)
at variousconcepts.learnTestNG.loginTest(learnTestNG.java:93)
at variousconcepts.learnTestNG.loginTest(learnTestNG.java:93)
at variousconcepts.learnTestNG.loginTest(learnTestNG.java:93)
at variousconcepts.learnTestNG.loginTest(learnTestNG.java:93)
at variousconcepts.learnTestNG.loginTest(learnTestNG.java:93)
at variousconcepts.learnTestNG.loginTest(learnTestNG.java:93)
at variousconcepts.learnTestNG.loginTest(learnTestNG.java:93)
at variousconcepts.learnTestNG.loginTest(learnTestNG.java:93)
at variousconcepts.learnTestNG.loginTest(learnTestNG.java:93)
at variousconcepts.learnTestNG.loginTest(learnTestNG.java:93)
at variousconcepts.learnTestNG.loginTest(learnTestNG.java:93)
at variousconcepts.learnTestNG.loginTest(learnTestNG.java:93)
at variousconcepts.learnTestNG.loginTest(learnTestNG.java:93)
at variousconcepts.learnTestNG.loginTest(learnTestNG.java:93)
at variousconcepts.learnTestNG.loginTest(learnTestNG.java:93)
at variousconcepts.learnTestNG.loginTest(learnTestNG.java:93)
at variousconcepts.learnTestNG.loginTest(learnTestNG.java:93)
at variousconcepts.learnTestNG.loginTest(learnTestNG.java:93)
at variousconcepts.learnTestNG.loginTest(learnTestNG.java:93)
at variousconcepts.learnTestNG.loginTest(learnTestNG.java:93)
at variousconcepts.learnTestNG.loginTest(learnTestNG.java:93)
at variousconcepts.learnTestNG.loginTest(learnTestNG.java:93)
at variousconcepts.learnTestNG.loginTest(learnTestNG.java:93)
at variousconcepts.learnTestNG.loginTest(learnTestNG.java:93)
at variousconcepts.learnTestNG.loginTest(learnTestNG.java:93)
at variousconcepts.learnTestNG.loginTest(learnTestNG.java:93)
at variousconcepts.learnTestNG.loginTest(learnTestNG.java:93)
at variousconcepts.learnTestNG.loginTest(learnTestNG.java:93)
at variousconcepts.learnTestNG.loginTest(learnTestNG.java:93)
at variousconcepts.learnTestNG.loginTest(learnTestNG.java:93)
at variousconcepts.learnTestNG.loginTest(learnTestNG.java:93)
at variousconcepts.learnTestNG.loginTest(learnTestNG.java:93)
at variousconcepts.learnTestNG.loginTest(learnTestNG.java:93)
at variousconcepts.learnTestNG.loginTest(learnTestNG.java:93)
at variousconcepts.learnTestNG.loginTest(learnTestNG.java:93)
at variousconcepts.learnTestNG.loginTest(learnTestNG.java:93)
at variousconcepts.learnTestNG.loginTest(learnTestNG.java:93)
at variousconcepts.learnTestNG.loginTest(learnTestNG.java:93)
at variousconcepts.learnTestNG.loginTest(learnTestNG.java:93)
at variousconcepts.learnTestNG.loginTest(learnTestNG.java:93)
at variousconcepts.learnTestNG.loginTest(learnTestNG.java:93)
at variousconcepts.learnTestNG.loginTest(learnTestNG.java:93)
at variousconcepts.learnTestNG.loginTest(learnTestNG.java:93)
at variousconcepts.learnTestNG.loginTest(learnTestNG.java:93)
at variousconcepts.learnTestNG.loginTest(learnTestNG.java:93)
at variousconcepts.learnTestNG.loginTest(learnTestNG.java:93)
at variousconcepts.learnTestNG.loginTest(learnTestNG.java:93)
at variousconcepts.learnTestNG.loginTest(learnTestNG.java:93)
at variousconcepts.learnTestNG.loginTest(learnTestNG.java:93)
at variousconcepts.learnTestNG.loginTest(learnTestNG.java:93)
at variousconcepts.learnTestNG.loginTest(learnTestNG.java:93)
at variousconcepts.learnTestNG.loginTest(learnTestNG.java:93)
at variousconcepts.learnTestNG.loginTest(learnTestNG.java:93)
at variousconcepts.learnTestNG.loginTest(learnTestNG.java:93)
at variousconcepts.learnTestNG.loginTest(learnTestNG.java:93)
at variousconcepts.learnTestNG.loginTest(learnTestNG.java:93)
at variousconcepts.learnTestNG.loginTest(learnTestNG.java:93)
at variousconcepts.learnTestNG.loginTest(learnTestNG.java:93)
at variousconcepts.learnTestNG.loginTest(learnTestNG.java:93)
at variousconcepts.learnTestNG.loginTest(learnTestNG.java:93)
at variousconcepts.learnTestNG.loginTest(learnTestNG.java:93)
at variousconcepts.learnTestNG.loginTest(learnTestNG.java:93)
at variousconcepts.learnTestNG.loginTest(learnTestNG.java:93)
at variousconcepts.learnTestNG.loginTest(learnTestNG.java:93)
at variousconcepts.learnTestNG.loginTest(learnTestNG.java:93)
at variousconcepts.learnTestNG.loginTest(learnTestNG.java:93)
at variousconcepts.learnTestNG.loginTest(learnTestNG.java:93)
at variousconcepts.learnTestNG.loginTest(learnTestNG.java:93)
at variousconcepts.learnTestNG.loginTest(learnTestNG.java:93)
at variousconcepts.learnTestNG.loginTest(learnTestNG.java:93)
at variousconcepts.learnTestNG.loginTest(learnTestNG.java:93)
at variousconcepts.learnTestNG.loginTest(learnTestNG.java:93)
at variousconcepts.learnTestNG.loginTest(learnTestNG.java:93)
at variousconcepts.learnTestNG.loginTest(learnTestNG.java:93)
at variousconcepts.learnTestNG.loginTest(learnTestNG.java:93)
at variousconcepts.learnTestNG.loginTest(learnTestNG.java:93)
at variousconcepts.learnTestNG.loginTest(learnTestNG.java:93)
at variousconcepts.learnTestNG.loginTest(learnTestNG.java:93)
at variousconcepts.learnTestNG.loginTest(learnTestNG.java:93)
at variousconcepts.learnTestNG.loginTest(learnTestNG.java:93)
at variousconcepts.learnTestNG.loginTest(learnTestNG.java:93)
at variousconcepts.learnTestNG.loginTest(learnTestNG.java:93)
at variousconcepts.learnTestNG.loginTest(learnTestNG.java:93)
at variousconcepts.learnTestNG.loginTest(learnTestNG.java:93)
at variousconcepts.learnTestNG.loginTest(learnTestNG.java:93)
at variousconcepts.learnTestNG.loginTest(learnTestNG.java:93)
at variousconcepts.learnTestNG.loginTest(learnTestNG.java:93)
at variousconcepts.learnTestNG.loginTest(learnTestNG.java:93)
at variousconcepts.learnTestNG.loginTest(learnTestNG.java:93)
at variousconcepts.learnTestNG.loginTest(learnTestNG.java:93)
at variousconcepts.learnTestNG.loginTest(learnTestNG.java:93)
at variousconcepts.learnTestNG.loginTest(learnTestNG.java:93)
at variousconcepts.learnTestNG.loginTest(learnTestNG.java:93)
at variousconcepts.learnTestNG.loginTest(learnTestNG.java:93)
at variousconcepts.learnTestNG.loginTest(learnTestNG.java:93)
at variousconcepts.learnTestNG.loginTest(learnTestNG.java:93)
at variousconcepts.learnTestNG.loginTest(learnTestNG.java:93)
at variousconcepts.learnTestNG.loginTest(learnTestNG.java:93)
at variousconcepts.learnTestNG.loginTest(learnTestNG.java:93)
at variousconcepts.learnTestNG.loginTest(learnTestNG.java:93)
at variousconcepts.learnTestNG.loginTest(learnTestNG.java:93)
at variousconcepts.learnTestNG.loginTest(learnTestNG.java:93)
at variousconcepts.learnTestNG.loginTest(learnTestNG.java:93)
at variousconcepts.learnTestNG.loginTest(learnTestNG.java:93)
at variousconcepts.learnTestNG.loginTest(learnTestNG.java:93)
at variousconcepts.learnTestNG.loginTest(learnTestNG.java:93)
at variousconcepts.learnTestNG.loginTest(learnTestNG.java:93)
at variousconcepts.learnTestNG.loginTest(learnTestNG.java:93)
at variousconcepts.learnTestNG.loginTest(learnTestNG.java:93)
at variousconcepts.learnTestNG.loginTest(learnTestNG.java:93)
at variousconcepts.learnTestNG.loginTest(learnTestNG.java:93)
at variousconcepts.learnTestNG.loginTest(learnTestNG.java:93)
at variousconcepts.learnTestNG.loginTest(learnTestNG.java:93)
at variousconcepts.learnTestNG.loginTest(learnTestNG.java:93)
at variousconcepts.learnTestNG.loginTest(learnTestNG.java:93)
at variousconcepts.learnTestNG.loginTest(learnTestNG.java:93)
at variousconcepts.learnTestNG.loginTest(learnTestNG.java:93)
at variousconcepts.learnTestNG.loginTest(learnTestNG.java:93)
at variousconcepts.learnTestNG.loginTest(learnTestNG.java:93)
at variousconcepts.learnTestNG.loginTest(learnTestNG.java:93)
at variousconcepts.learnTestNG.loginTest(learnTestNG.java:93)
at variousconcepts.learnTestNG.loginTest(learnTestNG.java:93)
at variousconcepts.learnTestNG.loginTest(learnTestNG.java:93)
at variousconcepts.learnTestNG.loginTest(learnTestNG.java:93)
at variousconcepts.learnTestNG.loginTest(learnTestNG.java:93)
at variousconcepts.learnTestNG.loginTest(learnTestNG.java:93)
at variousconcepts.learnTestNG.loginTest(learnTestNG.java:93)
at variousconcepts.learnTestNG.loginTest(learnTestNG.java:93)
at variousconcepts.learnTestNG.loginTest(learnTestNG.java:93)
at variousconcepts.learnTestNG.loginTest(learnTestNG.java:93)
at variousconcepts.learnTestNG.loginTest(learnTestNG.java:93)
at variousconcepts.learnTestNG.loginTest(learnTestNG.java:93)
at variousconcepts.learnTestNG.loginTest(learnTestNG.java:93)
at variousconcepts.learnTestNG.loginTest(learnTestNG.java:93)
at variousconcepts.learnTestNG.loginTest(learnTestNG.java:93)
at variousconcepts.learnTestNG.loginTest(learnTestNG.java:93)
at variousconcepts.learnTestNG.loginTest(learnTestNG.java:93)
at variousconcepts.learnTestNG.loginTest(learnTestNG.java:93)
at variousconcepts.learnTestNG.loginTest(learnTestNG.java:93)
at variousconcepts.learnTestNG.loginTest(learnTestNG.java:93)
at variousconcepts.learnTestNG.loginTest(learnTestNG.java:93)
at variousconcepts.learnTestNG.loginTest(learnTestNG.java:93)
at variousconcepts.learnTestNG.loginTest(learnTestNG.java:93)
at variousconcepts.learnTestNG.loginTest(learnTestNG.java:93)
at variousconcepts.learnTestNG.loginTest(learnTestNG.java:93)
at variousconcepts.learnTestNG.loginTest(learnTestNG.java:93)
at variousconcepts.learnTestNG.loginTest(learnTestNG.java:93)
at variousconcepts.learnTestNG.loginTest(learnTestNG.java:93)
at variousconcepts.learnTestNG.loginTest(learnTestNG.java:93)
at variousconcepts.learnTestNG.loginTest(learnTestNG.java:93)
at variousconcepts.learnTestNG.loginTest(learnTestNG.java:93)
at variousconcepts.learnTestNG.loginTest(learnTestNG.java:93)
at variousconcepts.learnTestNG.loginTest(learnTestNG.java:93)
at variousconcepts.learnTestNG.loginTest(learnTestNG.java:93)
at variousconcepts.learnTestNG.loginTest(learnTestNG.java:93)
at variousconcepts.learnTestNG.loginTest(learnTestNG.java:93)
at variousconcepts.learnTestNG.loginTest(learnTestNG.java:93)
at variousconcepts.learnTestNG.loginTest(learnTestNG.java:93)
at variousconcepts.learnTestNG.loginTest(learnTestNG.java:93)
at variousconcepts.learnTestNG.loginTest(learnTestNG.java:93)
at variousconcepts.learnTestNG.loginTest(learnTestNG.java:93)
at variousconcepts.learnTestNG.loginTest(learnTestNG.java:93)
at variousconcepts.learnTestNG.loginTest(learnTestNG.java:93)
at variousconcepts.learnTestNG.loginTest(learnTestNG.java:93)
at variousconcepts.learnTestNG.loginTest(learnTestNG.java:93)
at variousconcepts.learnTestNG.loginTest(learnTestNG.java:93)
at variousconcepts.learnTestNG.loginTest(learnTestNG.java:93)
at variousconcepts.learnTestNG.loginTest(learnTestNG.java:93)
at variousconcepts.learnTestNG.loginTest(learnTestNG.java:93)
at variousconcepts.learnTestNG.loginTest(learnTestNG.java:93)
at variousconcepts.learnTestNG.loginTest(learnTestNG.java:93)
at variousconcepts.learnTestNG.loginTest(learnTestNG.java:93)
at variousconcepts.learnTestNG.loginTest(learnTestNG.java:93)
at variousconcepts.learnTestNG.loginTest(learnTestNG.java:93)
at variousconcepts.learnTestNG.loginTest(learnTestNG.java:93)
at variousconcepts.learnTestNG.loginTest(learnTestNG.java:93)
at variousconcepts.learnTestNG.loginTest(learnTestNG.java:93)
at variousconcepts.learnTestNG.loginTest(learnTestNG.java:93)
at variousconcepts.learnTestNG.loginTest(learnTestNG.java:93)
at variousconcepts.learnTestNG.loginTest(learnTestNG.java:93)
at variousconcepts.learnTestNG.loginTest(learnTestNG.java:93)
at variousconcepts.learnTestNG.loginTest(learnTestNG.java:93)
at variousconcepts.learnTestNG.loginTest(learnTestNG.java:93)
at variousconcepts.learnTestNG.loginTest(learnTestNG.java:93)
at variousconcepts.learnTestNG.loginTest(learnTestNG.java:93)
at variousconcepts.learnTestNG.loginTest(learnTestNG.java:93)
at variousconcepts.learnTestNG.loginTest(learnTestNG.java:93)
at variousconcepts.learnTestNG.loginTest(learnTestNG.java:93)
at variousconcepts.learnTestNG.loginTest(learnTestNG.java:93)
at variousconcepts.learnTestNG.loginTest(learnTestNG.java:93)
at variousconcepts.learnTestNG.loginTest(learnTestNG.java:93)
at variousconcepts.learnTestNG.loginTest(learnTestNG.java:93)
at variousconcepts.learnTestNG.loginTest(learnTestNG.java:93)
at variousconcepts.learnTestNG.loginTest(learnTestNG.java:93)
at variousconcepts.learnTestNG.loginTest(learnTestNG.java:93)
at variousconcepts.learnTestNG.loginTest(learnTestNG.java:93)
at variousconcepts.learnTestNG.loginTest(learnTestNG.java:93)
at variousconcepts.learnTestNG.loginTest(learnTestNG.java:93)
at variousconcepts.learnTestNG.loginTest(learnTestNG.java:93)
at variousconcepts.learnTestNG.loginTest(learnTestNG.java:93)
at variousconcepts.learnTestNG.loginTest(learnTestNG.java:93)
at variousconcepts.learnTestNG.loginTest(learnTestNG.java:93)
at variousconcepts.learnTestNG.loginTest(learnTestNG.java:93)
at variousconcepts.learnTestNG.loginTest(learnTestNG.java:93)
at variousconcepts.learnTestNG.loginTest(learnTestNG.java:93)
at variousconcepts.learnTestNG.loginTest(learnTestNG.java:93)
at variousconcepts.learnTestNG.loginTest(learnTestNG.java:93)
at variousconcepts.learnTestNG.loginTest(learnTestNG.java:93)
at variousconcepts.learnTestNG.loginTest(learnTestNG.java:93)
at variousconcepts.learnTestNG.loginTest(learnTestNG.java:93)
at variousconcepts.learnTestNG.loginTest(learnTestNG.java:93)
at variousconcepts.learnTestNG.loginTest(learnTestNG.java:93)
at variousconcepts.learnTestNG.loginTest(learnTestNG.java:93)
at variousconcepts.learnTestNG.loginTest(learnTestNG.java:93)
at variousconcepts.learnTestNG.loginTest(learnTestNG.java:93)
at variousconcepts.learnTestNG.loginTest(learnTestNG.java:93)
at variousconcepts.learnTestNG.loginTest(learnTestNG.java:93)
at variousconcepts.learnTestNG.loginTest(learnTestNG.java:93)
at variousconcepts.learnTestNG.loginTest(learnTestNG.java:93)
at variousconcepts.learnTestNG.loginTest(learnTestNG.java:93)
at variousconcepts.learnTestNG.loginTest(learnTestNG.java:93)
at variousconcepts.learnTestNG.loginTest(learnTestNG.java:93)
at variousconcepts.learnTestNG.loginTest(learnTestNG.java:93)
at variousconcepts.learnTestNG.loginTest(learnTestNG.java:93)
at variousconcepts.learnTestNG.loginTest(learnTestNG.java:93)
at variousconcepts.learnTestNG.loginTest(learnTestNG.java:93)
at variousconcepts.learnTestNG.loginTest(learnTestNG.java:93)
at variousconcepts.learnTestNG.loginTest(learnTestNG.java:93)
at variousconcepts.learnTestNG.loginTest(learnTestNG.java:93)
at variousconcepts.learnTestNG.loginTest(learnTestNG.java:93)
at variousconcepts.learnTestNG.loginTest(learnTestNG.java:93)
at variousconcepts.learnTestNG.loginTest(learnTestNG.java:93)
at variousconcepts.learnTestNG.loginTest(learnTestNG.java:93)
at variousconcepts.learnTestNG.loginTest(learnTestNG.java:93)
at variousconcepts.learnTestNG.loginTest(learnTestNG.java:93)
at variousconcepts.learnTestNG.loginTest(learnTestNG.java:93)
at variousconcepts.learnTestNG.loginTest(learnTestNG.java:93)
at variousconcepts.learnTestNG.loginTest(learnTestNG.java:93)
at variousconcepts.learnTestNG.loginTest(learnTestNG.java:93)
at variousconcepts.learnTestNG.loginTest(learnTestNG.java:93)
at variousconcepts.learnTestNG.loginTest(learnTestNG.java:93)
at variousconcepts.learnTestNG.loginTest(learnTestNG.java:93)
at variousconcepts.learnTestNG.loginTest(learnTestNG.java:93)
at variousconcepts.learnTestNG.loginTest(learnTestNG.java:93)
at variousconcepts.learnTestNG.loginTest(learnTestNG.java:93)
at variousconcepts.learnTestNG.loginTest(learnTestNG.java:93)
at variousconcepts.learnTestNG.loginTest(learnTestNG.java:93)
at variousconcepts.learnTestNG.loginTest(learnTestNG.java:93)
at variousconcepts.learnTestNG.loginTest(learnTestNG.java:93)
at variousconcepts.learnTestNG.loginTest(learnTestNG.java:93)
at variousconcepts.learnTestNG.loginTest(learnTestNG.java:93)
at variousconcepts.learnTestNG.loginTest(learnTestNG.java:93)
at variousconcepts.learnTestNG.loginTest(learnTestNG.java:93)
at variousconcepts.learnTestNG.loginTest(learnTestNG.java:93)
at variousconcepts.learnTestNG.loginTest(learnTestNG.java:93)
at variousconcepts.learnTestNG.loginTest(learnTestNG.java:93)
at variousconcepts.learnTestNG.loginTest(learnTestNG.java:93)
at variousconcepts.learnTestNG.loginTest(learnTestNG.java:93)
at variousconcepts.learnTestNG.loginTest(learnTestNG.java:93)
at variousconcepts.learnTestNG.loginTest(learnTestNG.java:93)
at variousconcepts.learnTestNG.loginTest(learnTestNG.java:93)
at variousconcepts.learnTestNG.loginTest(learnTestNG.java:93)
at variousconcepts.learnTestNG.loginTest(learnTestNG.java:93)
at variousconcepts.learnTestNG.loginTest(learnTestNG.java:93)
at variousconcepts.learnTestNG.loginTest(learnTestNG.java:93)
at variousconcepts.learnTestNG.loginTest(learnTestNG.java:93)
at variousconcepts.learnTestNG.loginTest(learnTestNG.java:93)
at variousconcepts.learnTestNG.loginTest(learnTestNG.java:93)
at variousconcepts.learnTestNG.loginTest(learnTestNG.java:93)
at variousconcepts.learnTestNG.loginTest(learnTestNG.java:93)
at variousconcepts.learnTestNG.loginTest(learnTestNG.java:93)
at variousconcepts.learnTestNG.loginTest(learnTestNG.java:93)
at variousconcepts.learnTestNG.loginTest(learnTestNG.java:93)
at variousconcepts.learnTestNG.loginTest(learnTestNG.java:93)
at variousconcepts.learnTestNG.loginTest(learnTestNG.java:93)
at variousconcepts.learnTestNG.loginTest(learnTestNG.java:93)
at variousconcepts.learnTestNG.loginTest(learnTestNG.java:93)
at variousconcepts.learnTestNG.loginTest(learnTestNG.java:93)
at variousconcepts.learnTestNG.loginTest(learnTestNG.java:93)
at variousconcepts.learnTestNG.loginTest(learnTestNG.java:93)
at variousconcepts.learnTestNG.loginTest(learnTestNG.java:93)
at variousconcepts.learnTestNG.loginTest(learnTestNG.java:93)
at variousconcepts.learnTestNG.loginTest(learnTestNG.java:93)
at variousconcepts.learnTestNG.loginTest(learnTestNG.java:93)
at variousconcepts.learnTestNG.loginTest(learnTestNG.java:93)
at variousconcepts.learnTestNG.loginTest(learnTestNG.java:93)
at variousconcepts.learnTestNG.loginTest(learnTestNG.java:93)
at variousconcepts.learnTestNG.loginTest(learnTestNG.java:93)
at variousconcepts.learnTestNG.loginTest(learnTestNG.java:93)
at variousconcepts.learnTestNG.loginTest(learnTestNG.java:93)
at variousconcepts.learnTestNG.loginTest(learnTestNG.java:93)
at variousconcepts.learnTestNG.loginTest(learnTestNG.java:93)
at variousconcepts.learnTestNG.loginTest(learnTestNG.java:93)
at variousconcepts.learnTestNG.loginTest(learnTestNG.java:93)
at variousconcepts.learnTestNG.loginTest(learnTestNG.java:93)
at variousconcepts.learnTestNG.loginTest(learnTestNG.java:93)
at variousconcepts.learnTestNG.loginTest(learnTestNG.java:93)
at variousconcepts.learnTestNG.loginTest(learnTestNG.java:93)
at variousconcepts.learnTestNG.loginTest(learnTestNG.java:93)
at variousconcepts.learnTestNG.loginTest(learnTestNG.java:93)
at variousconcepts.learnTestNG.loginTest(learnTestNG.java:93)
at variousconcepts.learnTestNG.loginTest(learnTestNG.java:93)
at variousconcepts.learnTestNG.loginTest(learnTestNG.java:93)
at variousconcepts.learnTestNG.loginTest(learnTestNG.java:93)
at variousconcepts.learnTestNG.loginTest(learnTestNG.java:93)
at variousconcepts.learnTestNG.loginTest(learnTestNG.java:93)
at variousconcepts.learnTestNG.loginTest(learnTestNG.java:93)
at variousconcepts.learnTestNG.loginTest(learnTestNG.java:93)
at variousconcepts.learnTestNG.loginTest(learnTestNG.java:93)
at variousconcepts.learnTestNG.loginTest(learnTestNG.java:93)
at variousconcepts.learnTestNG.loginTest(learnTestNG.java:93)
at variousconcepts.learnTestNG.loginTest(learnTestNG.java:93)
at variousconcepts.learnTestNG.loginTest(learnTestNG.java:93)
at variousconcepts.learnTestNG.loginTest(learnTestNG.java:93)
at variousconcepts.learnTestNG.loginTest(learnTestNG.java:93)
at variousconcepts.learnTestNG.loginTest(learnTestNG.java:93)
at variousconcepts.learnTestNG.loginTest(learnTestNG.java:93)
at variousconcepts.learnTestNG.loginTest(learnTestNG.java:93)
at variousconcepts.learnTestNG.loginTest(learnTestNG.java:93)
at variousconcepts.learnTestNG.loginTest(learnTestNG.java:93)
at variousconcepts.learnTestNG.loginTest(learnTestNG.java:93)
at variousconcepts.learnTestNG.loginTest(learnTestNG.java:93)
at variousconcepts.learnTestNG.loginTest(learnTestNG.java:93)
at variousconcepts.learnTestNG.loginTest(learnTestNG.java:93)
at variousconcepts.learnTestNG.loginTest(learnTestNG.java:93)
at variousconcepts.learnTestNG.loginTest(learnTestNG.java:93)
at variousconcepts.learnTestNG.loginTest(learnTestNG.java:93)
at variousconcepts.learnTestNG.loginTest(learnTestNG.java:93)
at variousconcepts.learnTestNG.loginTest(learnTestNG.java:93)
at variousconcepts.learnTestNG.loginTest(learnTestNG.java:93)
at variousconcepts.learnTestNG.loginTest(learnTestNG.java:93)
at variousconcepts.learnTestNG.loginTest(learnTestNG.java:93)
at variousconcepts.learnTestNG.loginTest(learnTestNG.java:93)
at variousconcepts.learnTestNG.loginTest(learnTestNG.java:93)
at variousconcepts.learnTestNG.loginTest(learnTestNG.java:93)
at variousconcepts.learnTestNG.loginTest(learnTestNG.java:93)
at variousconcepts.learnTestNG.loginTest(learnTestNG.java:93)
at variousconcepts.learnTestNG.loginTest(learnTestNG.java:93)
at variousconcepts.learnTestNG.loginTest(learnTestNG.java:93)
at variousconcepts.learnTestNG.loginTest(learnTestNG.java:93)
at variousconcepts.learnTestNG.loginTest(learnTestNG.java:93)
at variousconcepts.learnTestNG.loginTest(learnTestNG.java:93)
at variousconcepts.learnTestNG.loginTest(learnTestNG.java:93)
at variousconcepts.learnTestNG.loginTest(learnTestNG.java:93)
at variousconcepts.learnTestNG.loginTest(learnTestNG.java:93)
at variousconcepts.learnTestNG.loginTest(learnTestNG.java:93)
at variousconcepts.learnTestNG.loginTest(learnTestNG.java:93)
at variousconcepts.learnTestNG.loginTest(learnTestNG.java:93)
at variousconcepts.learnTestNG.loginTest(learnTestNG.java:93)
at variousconcepts.learnTestNG.loginTest(learnTestNG.java:93)
at variousconcepts.learnTestNG.loginTest(learnTestNG.java:93)
at variousconcepts.learnTestNG.loginTest(learnTestNG.java:93)
at variousconcepts.learnTestNG.loginTest(learnTestNG.java:93)
at variousconcepts.learnTestNG.loginTest(learnTestNG.java:93)
at variousconcepts.learnTestNG.loginTest(learnTestNG.java:93)
at variousconcepts.learnTestNG.loginTest(learnTestNG.java:93)
at variousconcepts.learnTestNG.loginTest(learnTestNG.java:93)
at variousconcepts.learnTestNG.loginTest(learnTestNG.java:93)
at variousconcepts.learnTestNG.loginTest(learnTestNG.java:93)
at variousconcepts.learnTestNG.loginTest(learnTestNG.java:93)
at variousconcepts.learnTestNG.loginTest(learnTestNG.java:93)
at variousconcepts.learnTestNG.loginTest(learnTestNG.java:93)
at variousconcepts.learnTestNG.loginTest(learnTestNG.java:93)
at variousconcepts.learnTestNG.loginTest(learnTestNG.java:93)
at variousconcepts.learnTestNG.loginTest(learnTestNG.java:93)
at variousconcepts.learnTestNG.loginTest(learnTestNG.java:93)
at variousconcepts.learnTestNG.loginTest(learnTestNG.java:93)
at variousconcepts.learnTestNG.loginTest(learnTestNG.java:93)
at variousconcepts.learnTestNG.loginTest(learnTestNG.java:93)
at variousconcepts.learnTestNG.loginTest(learnTestNG.java:93)
at variousconcepts.learnTestNG.loginTest(learnTestNG.java:93)
at variousconcepts.learnTestNG.loginTest(learnTestNG.java:93)
at variousconcepts.learnTestNG.loginTest(learnTestNG.java:93)
at variousconcepts.learnTestNG.loginTest(learnTestNG.java:93)
at variousconcepts.learnTestNG.loginTest(learnTestNG.java:93)
at variousconcepts.learnTestNG.loginTest(learnTestNG.java:93)
at variousconcepts.learnTestNG.loginTest(learnTestNG.java:93)
at variousconcepts.learnTestNG.loginTest(learnTestNG.java:93)
at variousconcepts.learnTestNG.loginTest(learnTestNG.java:93)
at variousconcepts.learnTestNG.loginTest(learnTestNG.java:93)
at variousconcepts.learnTestNG.loginTest(learnTestNG.java:93)
at variousconcepts.learnTestNG.loginTest(learnTestNG.java:93)
at variousconcepts.learnTestNG.loginTest(learnTestNG.java:93)
at variousconcepts.learnTestNG.loginTest(learnTestNG.java:93)
at variousconcepts.learnTestNG.loginTest(learnTestNG.java:93)
at variousconcepts.learnTestNG.loginTest(learnTestNG.java:93)
at variousconcepts.learnTestNG.loginTest(learnTestNG.java:93)
at variousconcepts.learnTestNG.loginTest(learnTestNG.java:93)
at variousconcepts.learnTestNG.loginTest(learnTestNG.java:93)
at variousconcepts.learnTestNG.loginTest(learnTestNG.java:93)
at variousconcepts.learnTestNG.loginTest(learnTestNG.java:93)
at variousconcepts.learnTestNG.loginTest(learnTestNG.java:93)
at variousconcepts.learnTestNG.loginTest(learnTestNG.java:93)
at variousconcepts.learnTestNG.loginTest(learnTestNG.java:93)
at variousconcepts.learnTestNG.loginTest(learnTestNG.java:93)
at variousconcepts.learnTestNG.loginTest(learnTestNG.java:93)
at variousconcepts.learnTestNG.loginTest(learnTestNG.java:93)
at variousconcepts.learnTestNG.loginTest(learnTestNG.java:93)
at variousconcepts.learnTestNG.loginTest(learnTestNG.java:93)
at variousconcepts.learnTestNG.loginTest(learnTestNG.java:93)
at variousconcepts.learnTestNG.loginTest(learnTestNG.java:93)
at variousconcepts.learnTestNG.loginTest(learnTestNG.java:93)
at variousconcepts.learnTestNG.loginTest(learnTestNG.java:93)
at variousconcepts.learnTestNG.loginTest(learnTestNG.java:93)
at variousconcepts.learnTestNG.loginTest(learnTestNG.java:93)
at variousconcepts.learnTestNG.loginTest(learnTestNG.java:93)
at variousconcepts.learnTestNG.loginTest(learnTestNG.java:93)
at variousconcepts.learnTestNG.loginTest(learnTestNG.java:93)
at variousconcepts.learnTestNG.loginTest(learnTestNG.java:93)
at variousconcepts.learnTestNG.loginTest(learnTestNG.java:93)
at variousconcepts.learnTestNG.loginTest(learnTestNG.java:93)
at variousconcepts.learnTestNG.loginTest(learnTestNG.java:93)
at variousconcepts.learnTestNG.loginTest(learnTestNG.java:93)
at variousconcepts.learnTestNG.loginTest(learnTestNG.java:93)
at variousconcepts.learnTestNG.loginTest(learnTestNG.java:93)
at variousconcepts.learnTestNG.loginTest(learnTestNG.java:93)
at variousconcepts.learnTestNG.loginTest(learnTestNG.java:93)
at variousconcepts.learnTestNG.loginTest(learnTestNG.java:93)
at variousconcepts.learnTestNG.loginTest(learnTestNG.java:93)
at variousconcepts.learnTestNG.loginTest(learnTestNG.java:93)
at variousconcepts.learnTestNG.loginTest(learnTestNG.java:93)
at variousconcepts.learnTestNG.loginTest(learnTestNG.java:93)
at variousconcepts.learnTestNG.loginTest(learnTestNG.java:93)
at variousconcepts.learnTestNG.loginTest(learnTestNG.java:93)
at variousconcepts.learnTestNG.loginTest(learnTestNG.java:93)
at variousconcepts.learnTestNG.loginTest(learnTestNG.java:93)
at variousconcepts.learnTestNG.loginTest(learnTestNG.java:93)
at variousconcepts.learnTestNG.loginTest(learnTestNG.java:93)
at variousconcepts.learnTestNG.loginTest(learnTestNG.java:93)
at variousconcepts.learnTestNG.loginTest(learnTestNG.java:93)
at variousconcepts.learnTestNG.loginTest(learnTestNG.java:93)
at variousconcepts.learnTestNG.loginTest(learnTestNG.java:93)
at variousconcepts.learnTestNG.loginTest(learnTestNG.java:93)
at variousconcepts.learnTestNG.loginTest(learnTestNG.java:93)
at variousconcepts.learnTestNG.loginTest(learnTestNG.java:93)
at variousconcepts.learnTestNG.loginTest(learnTestNG.java:93)
at variousconcepts.learnTestNG.loginTest(learnTestNG.java:93)
at variousconcepts.learnTestNG.loginTest(learnTestNG.java:93)
at variousconcepts.learnTestNG.loginTest(learnTestNG.java:93)
at variousconcepts.learnTestNG.loginTest(learnTestNG.java:93)
at variousconcepts.learnTestNG.loginTest(learnTestNG.java:93)
at variousconcepts.learnTestNG.loginTest(learnTestNG.java:93)
at variousconcepts.learnTestNG.loginTest(learnTestNG.java:93)
at variousconcepts.learnTestNG.loginTest(learnTestNG.java:93)
at variousconcepts.learnTestNG.loginTest(learnTestNG.java:93)
at variousconcepts.learnTestNG.loginTest(learnTestNG.java:93)
at variousconcepts.learnTestNG.loginTest(learnTestNG.java:93)
at variousconcepts.learnTestNG.loginTest(learnTestNG.java:93)
at variousconcepts.learnTestNG.loginTest(learnTestNG.java:93)
at variousconcepts.learnTestNG.loginTest(learnTestNG.java:93)
at variousconcepts.learnTestNG.loginTest(learnTestNG.java:93)
at variousconcepts.learnTestNG.loginTest(learnTestNG.java:93)
at variousconcepts.learnTestNG.loginTest(learnTestNG.java:93)
at variousconcepts.learnTestNG.loginTest(learnTestNG.java:93)
at variousconcepts.learnTestNG.loginTest(learnTestNG.java:93)
at variousconcepts.learnTestNG.loginTest(learnTestNG.java:93)
at variousconcepts.learnTestNG.loginTest(learnTestNG.java:93)
at variousconcepts.learnTestNG.loginTest(learnTestNG.java:93)
at variousconcepts.learnTestNG.loginTest(learnTestNG.java:93)
at variousconcepts.learnTestNG.loginTest(learnTestNG.java:93)
at variousconcepts.learnTestNG.loginTest(learnTestNG.java:93)
at variousconcepts.learnTestNG.loginTest(learnTestNG.java:93)
at variousconcepts.learnTestNG.loginTest(learnTestNG.java:93)
at variousconcepts.learnTestNG.loginTest(learnTestNG.java:93)
at variousconcepts.learnTestNG.loginTest(learnTestNG.java:93)
at variousconcepts.learnTestNG.loginTest(learnTestNG.java:93)
at variousconcepts.learnTestNG.loginTest(learnTestNG.java:93)
at variousconcepts.learnTestNG.loginTest(learnTestNG.java:93)
at variousconcepts.learnTestNG.loginTest(learnTestNG.java:93)
at variousconcepts.learnTestNG.loginTest(learnTestNG.java:93)
at variousconcepts.learnTestNG.loginTest(learnTestNG.java:93)
at variousconcepts.learnTestNG.loginTest(learnTestNG.java:93)
at variousconcepts.learnTestNG.loginTest(learnTestNG.java:93)
at variousconcepts.learnTestNG.loginTest(learnTestNG.java:93)
at variousconcepts.learnTestNG.loginTest(learnTestNG.java:93)
at variousconcepts.learnTestNG.loginTest(learnTestNG.java:93)
at variousconcepts.learnTestNG.loginTest(learnTestNG.java:93)
at variousconcepts.learnTestNG.loginTest(learnTestNG.java:93)
at variousconcepts.learnTestNG.loginTest(learnTestNG.java:93)
at variousconcepts.learnTestNG.loginTest(learnTestNG.java:93)
at variousconcepts.learnTestNG.loginTest(learnTestNG.java:93)
at variousconcepts.learnTestNG.loginTest(learnTestNG.java:93)
at variousconcepts.learnTestNG.loginTest(learnTestNG.java:93)
at variousconcepts.learnTestNG.loginTest(learnTestNG.java:93)
at variousconcepts.learnTestNG.loginTest(learnTestNG.java:93)
at variousconcepts.learnTestNG.loginTest(learnTestNG.java:93)
at variousconcepts.learnTestNG.loginTest(learnTestNG.java:93)
at variousconcepts.learnTestNG.loginTest(learnTestNG.java:93)
at variousconcepts.learnTestNG.loginTest(learnTestNG.java:93)
at variousconcepts.learnTestNG.loginTest(learnTestNG.java:93)
at variousconcepts.learnTestNG.loginTest(learnTestNG.java:93)
at variousconcepts.learnTestNG.loginTest(learnTestNG.java:93)
at variousconcepts.learnTestNG.loginTest(learnTestNG.java:93)
at variousconcepts.learnTestNG.loginTest(learnTestNG.java:93)
at variousconcepts.learnTestNG.loginTest(learnTestNG.java:93)
at variousconcepts.learnTestNG.loginTest(learnTestNG.java:93)
at variousconcepts.learnTestNG.loginTest(learnTestNG.java:93)
at variousconcepts.learnTestNG.loginTest(learnTestNG.java:93)
at variousconcepts.learnTestNG.loginTest(learnTestNG.java:93)
at variousconcepts.learnTestNG.loginTest(learnTestNG.java:93)
at variousconcepts.learnTestNG.loginTest(learnTestNG.java:93)
at variousconcepts.learnTestNG.loginTest(learnTestNG.java:93)
at variousconcepts.learnTestNG.loginTest(learnTestNG.java:93)
at variousconcepts.learnTestNG.loginTest(learnTestNG.java:93)
at variousconcepts.learnTestNG.loginTest(learnTestNG.java:93)
at variousconcepts.learnTestNG.loginTest(learnTestNG.java:93)
at variousconcepts.learnTestNG.loginTest(learnTestNG.java:93)
at variousconcepts.learnTestNG.loginTest(learnTestNG.java:93)
at variousconcepts.learnTestNG.loginTest(learnTestNG.java:93)
at variousconcepts.learnTestNG.loginTest(learnTestNG.java:93)
at variousconcepts.learnTestNG.loginTest(learnTestNG.java:93)
at variousconcepts.learnTestNG.loginTest(learnTestNG.java:93)
at variousconcepts.learnTestNG.loginTest(learnTestNG.java:93)
at variousconcepts.learnTestNG.loginTest(learnTestNG.java:93)
at variousconcepts.learnTestNG.loginTest(learnTestNG.java:93)
at variousconcepts.learnTestNG.loginTest(learnTestNG.java:93)
at variousconcepts.learnTestNG.loginTest(learnTestNG.java:93)
at variousconcepts.learnTestNG.loginTest(learnTestNG.java:93)
at variousconcepts.learnTestNG.loginTest(learnTestNG.java:93)
at variousconcepts.learnTestNG.loginTest(learnTestNG.java:93)
at variousconcepts.learnTestNG.loginTest(learnTestNG.java:93)
at variousconcepts.learnTestNG.loginTest(learnTestNG.java:93)
at variousconcepts.learnTestNG.loginTest(learnTestNG.java:93)
at variousconcepts.learnTestNG.loginTest(learnTestNG.java:93)
at variousconcepts.learnTestNG.loginTest(learnTestNG.java:93)
at variousconcepts.learnTestNG.loginTest(learnTestNG.java:93)
at variousconcepts.learnTestNG.loginTest(learnTestNG.java:93)
at variousconcepts.learnTestNG.loginTest(learnTestNG.java:93)
at variousconcepts.learnTestNG.loginTest(learnTestNG.java:93)
at variousconcepts.learnTestNG.loginTest(learnTestNG.java:93)
at variousconcepts.learnTestNG.loginTest(learnTestNG.java:93)
at variousconcepts.learnTestNG.loginTest(learnTestNG.java:93)
at variousconcepts.learnTestNG.loginTest(learnTestNG.java:93)
at variousconcepts.learnTestNG.loginTest(learnTestNG.java:93)
at variousconcepts.learnTestNG.loginTest(learnTestNG.java:93)
at variousconcepts.learnTestNG.loginTest(learnTestNG.java:93)
at variousconcepts.learnTestNG.loginTest(learnTestNG.java:93)
at variousconcepts.learnTestNG.loginTest(learnTestNG.java:93)
at variousconcepts.learnTestNG.loginTest(learnTestNG.java:93)
at variousconcepts.learnTestNG.loginTest(learnTestNG.java:93)
at variousconcepts.learnTestNG.loginTest(learnTestNG.java:93)
at variousconcepts.learnTestNG.loginTest(learnTestNG.java:93)
at variousconcepts.learnTestNG.loginTest(learnTestNG.java:93)
at variousconcepts.learnTestNG.loginTest(learnTestNG.java:93)
at variousconcepts.learnTestNG.loginTest(learnTestNG.java:93)
at variousconcepts.learnTestNG.loginTest(learnTestNG.java:93)
at variousconcepts.learnTestNG.loginTest(learnTestNG.java:93)
at variousconcepts.learnTestNG.loginTest(learnTestNG.java:93)
at variousconcepts.learnTestNG.loginTest(learnTestNG.java:93)
at variousconcepts.learnTestNG.loginTest(learnTestNG.java:93)
at variousconcepts.learnTestNG.loginTest(learnTestNG.java:93)
at variousconcepts.learnTestNG.loginTest(learnTestNG.java:93)
at variousconcepts.learnTestNG.loginTest(learnTestNG.java:93)
at variousconcepts.learnTestNG.loginTest(learnTestNG.java:93)
at variousconcepts.learnTestNG.loginTest(learnTestNG.java:93)
at variousconcepts.learnTestNG.loginTest(learnTestNG.java:93)
at variousconcepts.learnTestNG.loginTest(learnTestNG.java:93)
at variousconcepts.learnTestNG.loginTest(learnTestNG.java:93)
at variousconcepts.learnTestNG.loginTest(learnTestNG.java:93)
at variousconcepts.learnTestNG.loginTest(learnTestNG.java:93)
at variousconcepts.learnTestNG.loginTest(learnTestNG.java:93)
at variousconcepts.learnTestNG.loginTest(learnTestNG.java:93)
at variousconcepts.learnTestNG.loginTest(learnTestNG.java:93)
at variousconcepts.learnTestNG.loginTest(learnTestNG.java:93)
at variousconcepts.learnTestNG.loginTest(learnTestNG.java:93)
at variousconcepts.learnTestNG.loginTest(learnTestNG.java:93)
at variousconcepts.learnTestNG.loginTest(learnTestNG.java:93)
at variousconcepts.learnTestNG.loginTest(learnTestNG.java:93)
at variousconcepts.learnTestNG.loginTest(learnTestNG.java:93)
at variousconcepts.learnTestNG.loginTest(learnTestNG.java:93)
at variousconcepts.learnTestNG.loginTest(learnTestNG.java:93)
at variousconcepts.learnTestNG.loginTest(learnTestNG.java:93)
at variousconcepts.learnTestNG.loginTest(learnTestNG.java:93)
at variousconcepts.learnTestNG.loginTest(learnTestNG.java:93)
at variousconcepts.learnTestNG.loginTest(learnTestNG.java:93)
at variousconcepts.learnTestNG.loginTest(learnTestNG.java:93)
at variousconcepts.learnTestNG.loginTest(learnTestNG.java:93)
at variousconcepts.learnTestNG.loginTest(learnTestNG.java:93)
at variousconcepts.learnTestNG.loginTest(learnTestNG.java:93)
at variousconcepts.learnTestNG.loginTest(learnTestNG.java:93)
at variousconcepts.learnTestNG.loginTest(learnTestNG.java:93)
at variousconcepts.learnTestNG.loginTest(learnTestNG.java:93)
at variousconcepts.learnTestNG.loginTest(learnTestNG.java:93)
at variousconcepts.learnTestNG.loginTest(learnTestNG.java:93)
at variousconcepts.learnTestNG.loginTest(learnTestNG.java:93)
at variousconcepts.learnTestNG.loginTest(learnTestNG.java:93)
at variousconcepts.learnTestNG.loginTest(learnTestNG.java:93)
at variousconcepts.learnTestNG.loginTest(learnTestNG.java:93)
at variousconcepts.learnTestNG.loginTest(learnTestNG.java:93)
at variousconcepts.learnTestNG.loginTest(learnTestNG.java:93)
at variousconcepts.learnTestNG.loginTest(learnTestNG.java:93)
at variousconcepts.learnTestNG.loginTest(learnTestNG.java:93)
at variousconcepts.learnTestNG.loginTest(learnTestNG.java:93)
at variousconcepts.learnTestNG.loginTest(learnTestNG.java:93)
at variousconcepts.learnTestNG.loginTest(learnTestNG.java:93)
at variousconcepts.learnTestNG.loginTest(learnTestNG.java:93)
at variousconcepts.learnTestNG.loginTest(learnTestNG.java:93)
at variousconcepts.learnTestNG.loginTest(learnTestNG.java:93)
at variousconcepts.learnTestNG.loginTest(learnTestNG.java:93)
at variousconcepts.learnTestNG.loginTest(learnTestNG.java:93)
at variousconcepts.learnTestNG.loginTest(learnTestNG.java:93)
at variousconcepts.learnTestNG.loginTest(learnTestNG.java:93)
at variousconcepts.learnTestNG.loginTest(learnTestNG.java:93)
at variousconcepts.learnTestNG.loginTest(learnTestNG.java:93)
at variousconcepts.learnTestNG.loginTest(learnTestNG.java:93)
at variousconcepts.learnTestNG.loginTest(learnTestNG.java:93)
at variousconcepts.learnTestNG.loginTest(learnTestNG.java:93)
at variousconcepts.learnTestNG.loginTest(learnTestNG.java:93)
at variousconcepts.learnTestNG.loginTest(learnTestNG.java:93)
at variousconcepts.learnTestNG.loginTest(learnTestNG.java:93)
at variousconcepts.learnTestNG.loginTest(learnTestNG.java:93)
at variousconcepts.learnTestNG.loginTest(learnTestNG.java:93)
at variousconcepts.learnTestNG.loginTest(learnTestNG.java:93)
at variousconcepts.learnTestNG.loginTest(learnTestNG.java:93)
at variousconcepts.learnTestNG.loginTest(learnTestNG.java:93)
at variousconcepts.learnTestNG.loginTest(learnTestNG.java:93)
at variousconcepts.learnTestNG.loginTest(learnTestNG.java:93)
at variousconcepts.learnTestNG.loginTest(learnTestNG.java:93)
at variousconcepts.learnTestNG.loginTest(learnTestNG.java:93)
at variousconcepts.learnTestNG.loginTest(learnTestNG.java:93)
at variousconcepts.learnTestNG.loginTest(learnTestNG.java:93)
at variousconcepts.learnTestNG.loginTest(learnTestNG.java:93)
]]>
            </full-stacktrace>
          </exception> <!-- java.lang.StackOverflowError -->
          <reporter-output>
          </reporter-output>
        </test-method> <!-- loginTest -->
      </class> <!-- variousconcepts.learnTestNG -->
    </test> <!-- Default test -->
  </suite> <!-- Default suite -->
</testng-results>
